Watching for file changes with StatReloader
Waiting for apps ready_event.
Apps ready_event triggered. Sending autoreload_started signal.
Watching dir /home/ubuntu/.pyenv/versions/venv/lib/python3.9/site-packages/rest_framework/templates with glob **/*.
Watching dir /home/ubuntu/cookie_project/cookie_project/locale with glob **/*.mo.
Watching dir /home/ubuntu/.pyenv/versions/venv/lib/python3.9/site-packages/rest_framework/locale with glob **/*.mo.
Watching dir /home/ubuntu/cookie_project/cookie_project/cookie/locale with glob **/*.mo.
(0.001) 
                SELECT VERSION(),
                       @@sql_mode,
                       @@default_storage_engine,
                       @@sql_auto_is_null,
                       @@lower_case_table_names,
                       CONVERT_TZ('2001-01-01 01:00:00', 'UTC', 'UTC') IS NOT NULL
            ; args=None; alias=default
(0.000) SET SESSION TRANSACTION ISOLATION LEVEL READ COMMITTED; args=None; alias=default
(0.002) SHOW FULL TABLES; args=None; alias=default
(0.000) SELECT `django_migrations`.`id`, `django_migrations`.`app`, `django_migrations`.`name`, `django_migrations`.`applied` FROM `django_migrations`; args=(); alias=default
File /home/ubuntu/.pyenv/versions/3.9.11/envs/venv/lib/python3.9/site-packages/django/template/loaders/base.py first seen with mtime 1692347415.1797333
File /home/ubuntu/.pyenv/versions/3.9.11/envs/venv/lib/python3.9/site-packages/django/core/management/base.py first seen with mtime 1692347415.0917294
File /home/ubuntu/.pyenv/versions/3.9.11/lib/python3.9/cgi.py first seen with mtime 1692347322.30808
File /home/ubuntu/.pyenv/versions/3.9.11/envs/venv/lib/python3.9/site-packages/django/contrib/staticfiles/finders.py first seen with mtime 1692347415.0717285
File /home/ubuntu/.pyenv/versions/3.9.11/lib/python3.9/lib-dynload/_socket.cpython-39-x86_64-linux-gnu.so first seen with mtime 1692347296.0
File /home/ubuntu/cookie_project/cookie_project/cookie/urls.py first seen with mtime 1692375460.9847746
File /home/ubuntu/.pyenv/versions/3.9.11/envs/venv/lib/python3.9/site-packages/django/__init__.py first seen with mtime 1692347414.1356857
File /home/ubuntu/.pyenv/versions/3.9.11/envs/venv/lib/python3.9/site-packages/django/utils/inspect.py first seen with mtime 1692347415.195734
File /home/ubuntu/.pyenv/versions/3.9.11/envs/venv/lib/python3.9/site-packages/asgiref/__init__.py first seen with mtime 1692347414.0196805
File /home/ubuntu/cookie_project/cookie_project/cookie/views.py first seen with mtime 1692374858.4550483
File /home/ubuntu/.pyenv/versions/3.9.11/envs/venv/lib/python3.9/site-packages/django/contrib/admin/decorators.py first seen with mtime 1692347414.2676919
File /home/ubuntu/.pyenv/versions/3.9.11/lib/python3.9/asyncio/format_helpers.py first seen with mtime 1692347324.0841324
File /home/ubuntu/.pyenv/versions/3.9.11/envs/venv/lib/python3.9/site-packages/django/db/models/fields/related_lookups.py first seen with mtime 1692347415.1357312
File /home/ubuntu/.pyenv/versions/3.9.11/lib/python3.9/lib-dynload/_ssl.cpython-39-x86_64-linux-gnu.so first seen with mtime 1692347297.0
File /home/ubuntu/.pyenv/versions/3.9.11/envs/venv/lib/python3.9/site-packages/rest_framework/checks.py first seen with mtime 1692347416.6237993
File /home/ubuntu/.pyenv/versions/3.9.11/envs/venv/lib/python3.9/site-packages/django/db/models/fields/reverse_related.py first seen with mtime 1692347415.1357312
File /home/ubuntu/.pyenv/versions/3.9.11/envs/venv/lib/python3.9/site-packages/asgiref/current_thread_executor.py first seen with mtime 1692347414.0196805
File /home/ubuntu/.pyenv/versions/3.9.11/lib/python3.9/encodings/utf_8.py first seen with mtime 1692347324.3281398
File /home/ubuntu/.pyenv/versions/3.9.11/lib/python3.9/email/_parseaddr.py first seen with mtime 1692347324.34014
File /home/ubuntu/.pyenv/versions/3.9.11/envs/venv/lib/python3.9/site-packages/rest_framework/utils/serializer_helpers.py first seen with mtime 1692347416.6958025
File /home/ubuntu/.pyenv/versions/3.9.11/lib/python3.9/importlib/util.py first seen with mtime 1692347323.8361251
File /home/ubuntu/.pyenv/versions/3.9.11/envs/venv/lib/python3.9/site-packages/django/contrib/admin/templatetags/admin_modify.py first seen with mtime 1692347414.4477
File /home/ubuntu/.pyenv/versions/3.9.11/envs/venv/lib/python3.9/site-packages/sqlparse/cli.py first seen with mtime 1692347413.963678
File /home/ubuntu/.pyenv/versions/3.9.11/lib/python3.9/_markupbase.py first seen with mtime 1692347322.276079
File /home/ubuntu/.pyenv/versions/3.9.11/envs/venv/lib/python3.9/site-packages/django/templatetags/cache.py first seen with mtime 1692347415.1797333
File /home/ubuntu/.pyenv/versions/3.9.11/lib/python3.9/zoneinfo/_common.py first seen with mtime 1692347325.4401734
File /home/ubuntu/.pyenv/versions/3.9.11/envs/venv/lib/python3.9/site-packages/django/views/decorators/common.py first seen with mtime 1692347415.2037344
File /home/ubuntu/.pyenv/versions/3.9.11/lib/python3.9/hmac.py first seen with mtime 1692347322.3600814
File /home/ubuntu/.pyenv/versions/3.9.11/envs/venv/lib/python3.9/site-packages/MySQLdb/times.py first seen with mtime 1692352380.0477471
File /home/ubuntu/.pyenv/versions/3.9.11/envs/venv/lib/python3.9/site-packages/django/contrib/admin/views/__init__.py first seen with mtime 1692347414.4517002
File /home/ubuntu/.pyenv/versions/3.9.11/envs/venv/lib/python3.9/site-packages/django/core/checks/registry.py first seen with mtime 1692347415.083729
File /home/ubuntu/.pyenv/versions/3.9.11/envs/venv/lib/python3.9/site-packages/rest_framework/schemas/coreapi.py first seen with mtime 1692347416.6598008
File /home/ubuntu/.pyenv/versions/3.9.11/envs/venv/lib/python3.9/site-packages/django/contrib/admin/helpers.py first seen with mtime 1692347414.2676919
File /home/ubuntu/.pyenv/versions/3.9.11/envs/venv/lib/python3.9/site-packages/django/contrib/auth/signals.py first seen with mtime 1692347414.5197034
File /home/ubuntu/.pyenv/versions/3.9.11/envs/venv/lib/python3.9/site-packages/django/db/models/fields/related.py first seen with mtime 1692347415.1357312
File /home/ubuntu/.pyenv/versions/3.9.11/lib/python3.9/io.py first seen with mtime 1692347322.3680818
File /home/ubuntu/.pyenv/versions/3.9.11/envs/venv/lib/python3.9/site-packages/django/db/models/functions/text.py first seen with mtime 1692347415.1397314
File /home/ubuntu/.pyenv/versions/3.9.11/envs/venv/lib/python3.9/site-packages/django/db/models/sql/datastructures.py first seen with mtime 1692347415.1397314
File /home/ubuntu/.pyenv/versions/3.9.11/lib/python3.9/asyncio/streams.py first seen with mtime 1692347324.100133
File /home/ubuntu/.pyenv/versions/3.9.11/envs/venv/lib/python3.9/site-packages/django/test/client.py first seen with mtime 1692347415.1837335
File /home/ubuntu/.pyenv/versions/3.9.11/envs/venv/lib/python3.9/site-packages/django/urls/utils.py first seen with mtime 1692347415.1877337
File /home/ubuntu/.pyenv/versions/3.9.11/envs/venv/lib/python3.9/site-packages/django/utils/asyncio.py first seen with mtime 1692347415.1877337
File /home/ubuntu/.pyenv/versions/3.9.11/envs/venv/lib/python3.9/site-packages/django/views/__init__.py first seen with mtime 1692347415.1997342
File /home/ubuntu/.pyenv/versions/3.9.11/lib/python3.9/email/mime/text.py first seen with mtime 1692347324.3761413
File /home/ubuntu/.pyenv/versions/3.9.11/lib/python3.9/bz2.py first seen with mtime 1692347322.3040798
File /home/ubuntu/.pyenv/versions/3.9.11/envs/venv/lib/python3.9/site-packages/rest_framework/urls.py first seen with mtime 1692347416.6317997
File /home/ubuntu/.pyenv/versions/3.9.11/envs/venv/lib/python3.9/site-packages/django/contrib/messages/storage/__init__.py first seen with mtime 1692347414.8517184
File /home/ubuntu/.pyenv/versions/3.9.11/lib/python3.9/asyncio/exceptions.py first seen with mtime 1692347324.0841324
File /home/ubuntu/.pyenv/versions/3.9.11/lib/python3.9/email/contentmanager.py first seen with mtime 1692347324.3481405
File /home/ubuntu/.pyenv/versions/3.9.11/lib/python3.9/asyncio/tasks.py first seen with mtime 1692347324.1041331
File /home/ubuntu/.pyenv/versions/3.9.11/envs/venv/lib/python3.9/site-packages/rest_framework/relations.py first seen with mtime 1692347416.6277995
File /home/ubuntu/.pyenv/versions/3.9.11/envs/venv/lib/python3.9/site-packages/django/core/serializers/json.py first seen with mtime 1692347415.10373
File /home/ubuntu/.pyenv/versions/3.9.11/envs/venv/lib/python3.9/site-packages/django/templatetags/static.py first seen with mtime 1692347415.1797333
File /home/ubuntu/.pyenv/versions/3.9.11/lib/python3.9/logging/handlers.py first seen with mtime 1692347324.5841475
File /home/ubuntu/.pyenv/versions/3.9.11/envs/venv/lib/python3.9/site-packages/django/forms/models.py first seen with mtime 1692347415.1437316
File /home/ubuntu/.pyenv/versions/3.9.11/envs/venv/lib/python3.9/site-packages/django/utils/itercompat.py first seen with mtime 1692347415.195734
File /home/ubuntu/.pyenv/versions/3.9.11/envs/venv/lib/python3.9/site-packages/django/utils/tree.py first seen with mtime 1692347415.1997342
File /home/ubuntu/.pyenv/versions/3.9.11/lib/python3.9/asyncio/runners.py first seen with mtime 1692347324.0921328
File /home/ubuntu/.pyenv/versions/3.9.11/lib/python3.9/lib-dynload/_sha512.cpython-39-x86_64-linux-gnu.so first seen with mtime 1692347298.0
File /home/ubuntu/.pyenv/versions/3.9.11/envs/venv/lib/python3.9/site-packages/rest_framework/permissions.py first seen with mtime 1692347416.6277995
File /home/ubuntu/.pyenv/versions/3.9.11/envs/venv/lib/python3.9/site-packages/django/urls/__init__.py first seen with mtime 1692347415.1837335
File /home/ubuntu/.pyenv/versions/3.9.11/envs/venv/lib/python3.9/site-packages/django/middleware/security.py first seen with mtime 1692347415.171733
File /home/ubuntu/.pyenv/versions/3.9.11/envs/venv/lib/python3.9/site-packages/django/contrib/contenttypes/fields.py first seen with mtime 1692347414.5877063
File /home/ubuntu/.pyenv/versions/3.9.11/envs/venv/lib/python3.9/site-packages/django/core/checks/database.py first seen with mtime 1692347415.0797288
File /home/ubuntu/.pyenv/versions/3.9.11/envs/venv/lib/python3.9/site-packages/django/core/files/base.py first seen with mtime 1692347415.083729
File /home/ubuntu/.pyenv/versions/3.9.11/envs/venv/lib/python3.9/site-packages/django/test/signals.py first seen with mtime 1692347415.1837335
File /home/ubuntu/.pyenv/versions/3.9.11/lib/python3.9/http/__init__.py first seen with mtime 1692347324.5241456
File /home/ubuntu/.pyenv/versions/3.9.11/envs/venv/lib/python3.9/site-packages/django/middleware/__init__.py first seen with mtime 1692347415.171733
File /home/ubuntu/.pyenv/versions/3.9.11/envs/venv/lib/python3.9/site-packages/django/core/serializers/base.py first seen with mtime 1692347415.0997298
File /home/ubuntu/.pyenv/versions/3.9.11/envs/venv/lib/python3.9/site-packages/django/template/context.py first seen with mtime 1692347415.171733
File /home/ubuntu/.pyenv/versions/3.9.11/envs/venv/lib/python3.9/site-packages/django/views/i18n.py first seen with mtime 1692347415.2037344
File /home/ubuntu/.pyenv/versions/3.9.11/envs/venv/lib/python3.9/site-packages/django/conf/global_settings.py first seen with mtime 1692347414.1396859
File /home/ubuntu/.pyenv/versions/3.9.11/envs/venv/lib/python3.9/site-packages/django/template/loader.py first seen with mtime 1692347415.175733
File /home/ubuntu/.pyenv/versions/3.9.11/envs/venv/lib/python3.9/site-packages/django/template/response.py first seen with mtime 1692347415.175733
File /home/ubuntu/.pyenv/versions/3.9.11/lib/python3.9/encodings/latin_1.py first seen with mtime 1692347324.2881386
File /home/ubuntu/.pyenv/versions/3.9.11/envs/venv/lib/python3.9/site-packages/django/core/handlers/base.py first seen with mtime 1692347415.0877292
File /home/ubuntu/.pyenv/versions/3.9.11/envs/venv/lib/python3.9/site-packages/django/db/transaction.py first seen with mtime 1692347415.10373
File /home/ubuntu/.pyenv/versions/3.9.11/envs/venv/lib/python3.9/site-packages/django/contrib/auth/forms.py first seen with mtime 1692347414.5157032
File /home/ubuntu/.pyenv/versions/3.9.11/envs/venv/lib/python3.9/site-packages/django/middleware/cache.py first seen with mtime 1692347415.171733
File /home/ubuntu/.pyenv/versions/3.9.11/envs/venv/lib/python3.9/site-packages/django/core/wsgi.py first seen with mtime 1692347415.0797288
File /home/ubuntu/.pyenv/versions/3.9.11/envs/venv/lib/python3.9/site-packages/django/core/checks/files.py first seen with mtime 1692347415.0797288
File /home/ubuntu/.pyenv/versions/3.9.11/envs/venv/lib/python3.9/site-packages/django/templatetags/l10n.py first seen with mtime 1692347415.1797333
File /home/ubuntu/.pyenv/versions/3.9.11/envs/venv/lib/python3.9/site-packages/django/db/migrations/operations/base.py first seen with mtime 1692347415.1277308
File /home/ubuntu/.pyenv/versions/3.9.11/envs/venv/lib/python3.9/site-packages/django/contrib/messages/api.py first seen with mtime 1692347414.8517184
File /home/ubuntu/.pyenv/versions/3.9.11/envs/venv/lib/python3.9/site-packages/django/db/migrations/operations/fields.py first seen with mtime 1692347415.1277308
File /home/ubuntu/.pyenv/versions/3.9.11/envs/venv/lib/python3.9/site-packages/sqlparse/filters/output.py first seen with mtime 1692347413.967678
File /home/ubuntu/.pyenv/versions/3.9.11/envs/venv/lib/python3.9/site-packages/django/contrib/contenttypes/forms.py first seen with mtime 1692347414.5877063
File /home/ubuntu/.pyenv/versions/3.9.11/envs/venv/lib/python3.9/site-packages/django/db/models/fields/__init__.py first seen with mtime 1692347415.1357312
File /home/ubuntu/.pyenv/versions/3.9.11/lib/python3.9/html/__init__.py first seen with mtime 1692347324.4801443
File /home/ubuntu/.pyenv/versions/3.9.11/envs/venv/lib/python3.9/site-packages/django/core/files/uploadedfile.py first seen with mtime 1692347415.0877292
File /home/ubuntu/.pyenv/versions/3.9.11/envs/venv/lib/python3.9/site-packages/django/utils/dateparse.py first seen with mtime 1692347415.1917338
File /home/ubuntu/.pyenv/versions/3.9.11/envs/venv/lib/python3.9/site-packages/django/db/backends/mysql/base.py first seen with mtime 1692347415.1117303
File /home/ubuntu/.pyenv/versions/3.9.11/lib/python3.9/logging/__init__.py first seen with mtime 1692347324.5801473
File /home/ubuntu/.pyenv/versions/3.9.11/envs/venv/lib/python3.9/site-packages/django/contrib/admin/models.py first seen with mtime 1692347414.2676919
File /home/ubuntu/.pyenv/versions/3.9.11/lib/python3.9/_collections_abc.py first seen with mtime 1692347322.272079
File /home/ubuntu/.pyenv/versions/3.9.11/envs/venv/lib/python3.9/site-packages/django/db/models/enums.py first seen with mtime 1692347415.1277308
File /home/ubuntu/.pyenv/versions/3.9.11/envs/venv/lib/python3.9/site-packages/django/utils/translation/reloader.py first seen with mtime 1692347415.1997342
File /home/ubuntu/.pyenv/versions/3.9.11/envs/venv/lib/python3.9/site-packages/sqlparse/engine/statement_splitter.py first seen with mtime 1692347413.967678
File /home/ubuntu/.pyenv/versions/3.9.11/lib/python3.9/asyncio/futures.py first seen with mtime 1692347324.0841324
File /home/ubuntu/.pyenv/versions/3.9.11/lib/python3.9/lib-dynload/unicodedata.cpython-39-x86_64-linux-gnu.so first seen with mtime 1692347288.0
File /home/ubuntu/.pyenv/versions/3.9.11/envs/venv/lib/python3.9/site-packages/django/db/backends/base/base.py first seen with mtime 1692347415.1077302
File /home/ubuntu/.pyenv/versions/3.9.11/lib/python3.9/platform.py first seen with mtime 1692347322.4000826
File /home/ubuntu/.pyenv/versions/3.9.11/lib/python3.9/enum.py first seen with mtime 1692347322.3360808
File /home/ubuntu/.pyenv/versions/3.9.11/lib/python3.9/decimal.py first seen with mtime 1692347322.3320806
File /home/ubuntu/.pyenv/versions/3.9.11/envs/venv/lib/python3.9/site-packages/rest_framework/generics.py first seen with mtime 1692347416.6277995
File /home/ubuntu/.pyenv/versions/3.9.11/lib/python3.9/email/_encoded_words.py first seen with mtime 1692347324.33614
File /home/ubuntu/.pyenv/versions/3.9.11/lib/python3.9/lib-dynload/_heapq.cpython-39-x86_64-linux-gnu.so first seen with mtime 1692347284.0
File /home/ubuntu/.pyenv/versions/3.9.11/envs/venv/lib/python3.9/site-packages/django/utils/dates.py first seen with mtime 1692347415.1917338
File /home/ubuntu/.pyenv/versions/3.9.11/lib/python3.9/pprint.py first seen with mtime 1692347322.408083
File /home/ubuntu/.pyenv/versions/3.9.11/lib/python3.9/argparse.py first seen with mtime 1692347322.2920794
File /home/ubuntu/.pyenv/versions/3.9.11/envs/venv/lib/python3.9/site-packages/django/utils/deconstruct.py first seen with mtime 1692347415.1917338
File /home/ubuntu/.pyenv/versions/3.9.11/envs/venv/lib/python3.9/site-packages/django/core/checks/security/sessions.py first seen with mtime 1692347415.083729
File /home/ubuntu/.pyenv/versions/3.9.11/lib/python3.9/shutil.py first seen with mtime 1692347322.4320836
File /home/ubuntu/.pyenv/versions/3.9.11/envs/venv/lib/python3.9/site-packages/django/utils/timezone.py first seen with mtime 1692347415.1997342
File /home/ubuntu/.pyenv/versions/3.9.11/lib/python3.9/_sysconfigdata__linux_x86_64-linux-gnu.py first seen with mtime 1692347325.4481735
File /home/ubuntu/.pyenv/versions/3.9.11/lib/python3.9/zoneinfo/_tzpath.py first seen with mtime 1692347325.4441733
File /home/ubuntu/.pyenv/versions/3.9.11/lib/python3.9/email/generator.py first seen with mtime 1692347324.3521404
File /home/ubuntu/.pyenv/versions/3.9.11/envs/venv/lib/python3.9/site-packages/django/contrib/auth/password_validation.py first seen with mtime 1692347414.5157032
File /home/ubuntu/.pyenv/versions/3.9.11/lib/python3.9/sre_parse.py first seen with mtime 1692347322.444084
File /home/ubuntu/.pyenv/versions/3.9.11/envs/venv/lib/python3.9/site-packages/django/contrib/staticfiles/utils.py first seen with mtime 1692347415.0717285
File /home/ubuntu/.pyenv/versions/3.9.11/envs/venv/lib/python3.9/site-packages/django/db/models/signals.py first seen with mtime 1692347415.131731
File /home/ubuntu/.pyenv/versions/3.9.11/envs/venv/lib/python3.9/site-packages/rest_framework/urlpatterns.py first seen with mtime 1692347416.6317997
File /home/ubuntu/.pyenv/versions/3.9.11/envs/venv/lib/python3.9/site-packages/django/core/checks/caches.py first seen with mtime 1692347415.0797288
File /home/ubuntu/.pyenv/versions/3.9.11/lib/python3.9/asyncio/base_events.py first seen with mtime 1692347324.072132
File /home/ubuntu/.pyenv/versions/3.9.11/envs/venv/lib/python3.9/site-packages/django/core/checks/urls.py first seen with mtime 1692347415.083729
File /home/ubuntu/.pyenv/versions/3.9.11/envs/venv/lib/python3.9/site-packages/django/forms/renderers.py first seen with mtime 1692347415.1437316
File /home/ubuntu/.pyenv/versions/3.9.11/envs/venv/lib/python3.9/site-packages/rest_framework/utils/model_meta.py first seen with mtime 1692347416.6958025
File /home/ubuntu/.pyenv/versions/3.9.11/lib/python3.9/email/mime/base.py first seen with mtime 1692347324.368141
File /home/ubuntu/.pyenv/versions/3.9.11/envs/venv/lib/python3.9/site-packages/django/db/backends/utils.py first seen with mtime 1692347415.10373
File /home/ubuntu/.pyenv/versions/3.9.11/envs/venv/lib/python3.9/site-packages/django/core/checks/security/__init__.py first seen with mtime 1692347415.083729
File /home/ubuntu/.pyenv/versions/3.9.11/envs/venv/lib/python3.9/site-packages/django/db/models/indexes.py first seen with mtime 1692347415.131731
File /home/ubuntu/.pyenv/versions/3.9.11/envs/venv/lib/python3.9/site-packages/django/core/files/images.py first seen with mtime 1692347415.083729
File /home/ubuntu/.pyenv/versions/3.9.11/envs/venv/lib/python3.9/site-packages/django/core/management/sql.py first seen with mtime 1692347415.0917294
File /home/ubuntu/.pyenv/versions/3.9.11/envs/venv/lib/python3.9/site-packages/django/db/models/fields/related_descriptors.py first seen with mtime 1692347415.1357312
File /home/ubuntu/.pyenv/versions/3.9.11/envs/venv/lib/python3.9/site-packages/sqlparse/sql.py first seen with mtime 1692347413.963678
File /home/ubuntu/.pyenv/versions/3.9.11/envs/venv/lib/python3.9/site-packages/asgiref/sync.py first seen with mtime 1692347414.0236807
File /home/ubuntu/.pyenv/versions/3.9.11/envs/venv/lib/python3.9/site-packages/django/db/models/functions/window.py first seen with mtime 1692347415.1397314
File /home/ubuntu/.pyenv/versions/3.9.11/envs/venv/lib/python3.9/site-packages/django/utils/__init__.py first seen with mtime 1692347415.1877337
File /home/ubuntu/.pyenv/versions/3.9.11/lib/python3.9/_bootlocale.py first seen with mtime 1692347322.2680788
File /home/ubuntu/.pyenv/versions/3.9.11/envs/venv/lib/python3.9/site-packages/rest_framework/status.py first seen with mtime 1692347416.6317997
File /home/ubuntu/.pyenv/versions/3.9.11/lib/python3.9/copyreg.py first seen with mtime 1692347322.3240805
File /home/ubuntu/.pyenv/versions/3.9.11/envs/venv/lib/python3.9/site-packages/rest_framework/compat.py first seen with mtime 1692347416.6237993
File /home/ubuntu/.pyenv/versions/3.9.11/lib/python3.9/email/charset.py first seen with mtime 1692347324.3481405
File /home/ubuntu/.pyenv/versions/3.9.11/envs/venv/lib/python3.9/site-packages/django/forms/fields.py first seen with mtime 1692347415.1437316
File /home/ubuntu/.pyenv/versions/3.9.11/envs/venv/lib/python3.9/site-packages/django/contrib/staticfiles/views.py first seen with mtime 1692347415.0717285
File /home/ubuntu/.pyenv/versions/3.9.11/envs/venv/lib/python3.9/site-packages/django/template/defaultfilters.py first seen with mtime 1692347415.175733
File /home/ubuntu/.pyenv/versions/3.9.11/envs/venv/lib/python3.9/site-packages/rest_framework/schemas/utils.py first seen with mtime 1692347416.6598008
File /home/ubuntu/.pyenv/versions/3.9.11/envs/venv/lib/python3.9/site-packages/django/contrib/admindocs/views.py first seen with mtime 1692347414.4517002
File /home/ubuntu/.pyenv/versions/3.9.11/envs/venv/lib/python3.9/site-packages/MySQLdb/constants/FLAG.py first seen with mtime 1692352380.0477471
File /home/ubuntu/.pyenv/versions/3.9.11/envs/venv/lib/python3.9/site-packages/django/core/checks/model_checks.py first seen with mtime 1692347415.083729
File /home/ubuntu/.pyenv/versions/3.9.11/envs/venv/lib/python3.9/site-packages/django/core/signals.py first seen with mtime 1692347415.0757287
File /home/ubuntu/.pyenv/versions/3.9.11/lib/python3.9/lib-dynload/_zoneinfo.cpython-39-x86_64-linux-gnu.so first seen with mtime 1692347283.0
File /home/ubuntu/.pyenv/versions/3.9.11/envs/venv/lib/python3.9/site-packages/django/db/models/base.py first seen with mtime 1692347415.1277308
File /home/ubuntu/.pyenv/versions/3.9.11/lib/python3.9/lib-dynload/_hashlib.cpython-39-x86_64-linux-gnu.so first seen with mtime 1692347297.0
File /home/ubuntu/.pyenv/versions/3.9.11/lib/python3.9/asyncio/__init__.py first seen with mtime 1692347324.068132
File /home/ubuntu/.pyenv/versions/3.9.11/envs/venv/lib/python3.9/site-packages/django/contrib/messages/middleware.py first seen with mtime 1692347414.8517184
File /home/ubuntu/.pyenv/versions/3.9.11/envs/venv/lib/python3.9/site-packages/django/template/defaulttags.py first seen with mtime 1692347415.175733
File /home/ubuntu/.pyenv/versions/3.9.11/lib/python3.9/email/parser.py first seen with mtime 1692347324.3601408
File /home/ubuntu/.pyenv/versions/3.9.11/lib/python3.9/asyncio/constants.py first seen with mtime 1692347324.0761323
File /home/ubuntu/.pyenv/versions/3.9.11/lib/python3.9/importlib/__init__.py first seen with mtime 1692347323.8241248
File /home/ubuntu/.pyenv/versions/3.9.11/envs/venv/lib/python3.9/site-packages/django/core/handlers/asgi.py first seen with mtime 1692347415.0877292
File /home/ubuntu/.pyenv/versions/3.9.11/envs/venv/lib/python3.9/site-packages/django/contrib/sessions/__init__.py first seen with mtime 1692347414.955723
File /home/ubuntu/.pyenv/versions/3.9.11/lib/python3.9/token.py first seen with mtime 1692347322.4720848
File /home/ubuntu/.pyenv/versions/3.9.11/envs/venv/lib/python3.9/site-packages/django/template/backends/base.py first seen with mtime 1692347415.175733
File /home/ubuntu/.pyenv/versions/3.9.11/envs/venv/lib/python3.9/site-packages/django/contrib/staticfiles/management/commands/__init__.py first seen with mtime 1692347415.0757287
File /home/ubuntu/.pyenv/versions/3.9.11/lib/python3.9/asyncio/locks.py first seen with mtime 1692347324.0881326
File /home/ubuntu/.pyenv/versions/3.9.11/envs/venv/lib/python3.9/site-packages/django/forms/forms.py first seen with mtime 1692347415.1437316
File /home/ubuntu/.pyenv/versions/3.9.11/envs/venv/lib/python3.9/site-packages/django/views/decorators/cache.py first seen with mtime 1692347415.2037344
File /home/ubuntu/.pyenv/versions/3.9.11/envs/venv/lib/python3.9/site-packages/rest_framework/routers.py first seen with mtime 1692347416.6317997
File /home/ubuntu/.pyenv/versions/3.9.11/envs/venv/lib/python3.9/site-packages/django/core/checks/compatibility/__init__.py first seen with mtime 1692347415.083729
File /home/ubuntu/.pyenv/versions/3.9.11/envs/venv/lib/python3.9/site-packages/django/contrib/auth/backends.py first seen with mtime 1692347414.5157032
File /home/ubuntu/.pyenv/versions/3.9.11/envs/venv/lib/python3.9/site-packages/rest_framework/schemas/views.py first seen with mtime 1692347416.6598008
File /home/ubuntu/.pyenv/versions/3.9.11/envs/venv/lib/python3.9/site-packages/django/db/models/fields/mixins.py first seen with mtime 1692347415.1357312
File /home/ubuntu/.pyenv/versions/3.9.11/envs/venv/lib/python3.9/site-packages/rest_framework/utils/formatting.py first seen with mtime 1692347416.6958025
File /home/ubuntu/.pyenv/versions/3.9.11/envs/venv/lib/python3.9/site-packages/rest_framework/schemas/generators.py first seen with mtime 1692347416.6598008
File /home/ubuntu/.pyenv/versions/3.9.11/lib/python3.9/asyncio/base_tasks.py first seen with mtime 1692347324.0761323
File /home/ubuntu/.pyenv/versions/3.9.11/envs/venv/lib/python3.9/site-packages/rest_framework/reverse.py first seen with mtime 1692347416.6277995
File /home/ubuntu/.pyenv/versions/3.9.11/lib/python3.9/asyncio/trsock.py first seen with mtime 1692347324.108133
File /home/ubuntu/.pyenv/versions/3.9.11/envs/venv/lib/python3.9/site-packages/rest_framework/exceptions.py first seen with mtime 1692347416.6237993
File /home/ubuntu/.pyenv/versions/3.9.11/envs/venv/lib/python3.9/site-packages/django/db/backends/mysql/features.py first seen with mtime 1692347415.1117303
File /home/ubuntu/.pyenv/versions/3.9.11/lib/python3.9/unittest/loader.py first seen with mtime 1692347325.3561707
File /home/ubuntu/.pyenv/versions/3.9.11/envs/venv/lib/python3.9/site-packages/django/contrib/auth/checks.py first seen with mtime 1692347414.5157032
File /home/ubuntu/.pyenv/versions/3.9.11/lib/python3.9/wsgiref/headers.py first seen with mtime 1692347324.5881476
File /home/ubuntu/.pyenv/versions/3.9.11/envs/venv/lib/python3.9/site-packages/django/db/backends/base/features.py first seen with mtime 1692347415.1077302
File /home/ubuntu/.pyenv/versions/3.9.11/envs/venv/lib/python3.9/site-packages/django/template/loaders/__init__.py first seen with mtime 1692347415.1797333
File /home/ubuntu/.pyenv/versions/3.9.11/envs/venv/lib/python3.9/site-packages/rest_framework/utils/urls.py first seen with mtime 1692347416.6958025
File /home/ubuntu/.pyenv/versions/3.9.11/lib/python3.9/lib-dynload/_bisect.cpython-39-x86_64-linux-gnu.so first seen with mtime 1692347284.0
File /home/ubuntu/.pyenv/versions/3.9.11/envs/venv/lib/python3.9/site-packages/django/contrib/contenttypes/checks.py first seen with mtime 1692347414.5877063
File /home/ubuntu/.pyenv/versions/3.9.11/envs/venv/lib/python3.9/site-packages/django/contrib/sessions/backends/base.py first seen with mtime 1692347414.955723
File /home/ubuntu/.pyenv/versions/3.9.11/envs/venv/lib/python3.9/site-packages/django/core/management/__init__.py first seen with mtime 1692347415.0917294
File /home/ubuntu/.pyenv/versions/3.9.11/envs/venv/lib/python3.9/site-packages/sqlparse/__init__.py first seen with mtime 1692347413.963678
File /home/ubuntu/.pyenv/versions/3.9.11/envs/venv/lib/python3.9/site-packages/django/core/files/uploadhandler.py first seen with mtime 1692347415.0877292
File /home/ubuntu/.pyenv/versions/3.9.11/envs/venv/lib/python3.9/site-packages/django/utils/functional.py first seen with mtime 1692347415.1917338
File /home/ubuntu/.pyenv/versions/3.9.11/lib/python3.9/asyncio/base_futures.py first seen with mtime 1692347324.072132
File /home/ubuntu/.pyenv/versions/3.9.11/lib/python3.9/xml/__init__.py first seen with mtime 1692347325.2121663
File /home/ubuntu/.pyenv/versions/3.9.11/envs/venv/lib/python3.9/site-packages/django/db/migrations/operations/models.py first seen with mtime 1692347415.1277308
File /home/ubuntu/.pyenv/versions/3.9.11/envs/venv/lib/python3.9/site-packages/django/views/generic/__init__.py first seen with mtime 1692347415.2037344
File /home/ubuntu/.pyenv/versions/3.9.11/lib/python3.9/_compat_pickle.py first seen with mtime 1692347322.272079
File /home/ubuntu/.pyenv/versions/3.9.11/envs/venv/lib/python3.9/site-packages/MySQLdb/constants/CLIENT.py first seen with mtime 1692352380.0477471
File /home/ubuntu/.pyenv/versions/3.9.11/envs/venv/lib/python3.9/site-packages/django/templatetags/tz.py first seen with mtime 1692347415.1797333
File /home/ubuntu/cookie_project/cookie_project/cookie_project/__init__.py first seen with mtime 1692352494.44663
File /home/ubuntu/.pyenv/versions/3.9.11/envs/venv/lib/python3.9/site-packages/django/utils/termcolors.py first seen with mtime 1692347415.195734
File /home/ubuntu/.pyenv/versions/3.9.11/envs/venv/lib/python3.9/site-packages/django/middleware/csrf.py first seen with mtime 1692347415.171733
File /home/ubuntu/.pyenv/versions/3.9.11/lib/python3.9/secrets.py first seen with mtime 1692347322.4280834
File /home/ubuntu/.pyenv/versions/3.9.11/envs/venv/lib/python3.9/site-packages/django/utils/html.py first seen with mtime 1692347415.1917338
File /home/ubuntu/.pyenv/versions/3.9.11/envs/venv/lib/python3.9/site-packages/django/contrib/messages/__init__.py first seen with mtime 1692347414.8517184
File /home/ubuntu/.pyenv/versions/3.9.11/envs/venv/lib/python3.9/site-packages/django/core/servers/__init__.py first seen with mtime 1692347415.10373
File /home/ubuntu/.pyenv/versions/3.9.11/envs/venv/lib/python3.9/site-packages/pytz/tzfile.py first seen with mtime 1692347413.7516685
File /home/ubuntu/.pyenv/versions/3.9.11/envs/venv/lib/python3.9/site-packages/django/db/backends/mysql/operations.py first seen with mtime 1692347415.1117303
File /home/ubuntu/.pyenv/versions/3.9.11/envs/venv/lib/python3.9/site-packages/django/contrib/messages/constants.py first seen with mtime 1692347414.8517184
File /home/ubuntu/.pyenv/versions/3.9.11/lib/python3.9/xml/dom/minicompat.py first seen with mtime 1692347325.2201667
File /home/ubuntu/.pyenv/versions/3.9.11/envs/venv/lib/python3.9/site-packages/django/contrib/admin/templatetags/log.py first seen with mtime 1692347414.4517002
File /home/ubuntu/.pyenv/versions/3.9.11/envs/venv/lib/python3.9/site-packages/django/apps/__init__.py first seen with mtime 1692347414.1396859
File /home/ubuntu/.pyenv/versions/3.9.11/envs/venv/lib/python3.9/site-packages/rest_framework/utils/json.py first seen with mtime 1692347416.6958025
File /home/ubuntu/.pyenv/versions/3.9.11/envs/venv/lib/python3.9/site-packages/django/db/backends/base/operations.py first seen with mtime 1692347415.1077302
File /home/ubuntu/.pyenv/versions/3.9.11/envs/venv/lib/python3.9/site-packages/django/core/mail/message.py first seen with mtime 1692347415.0877292
File /home/ubuntu/.pyenv/versions/3.9.11/envs/venv/lib/python3.9/site-packages/django/contrib/admin/views/autocomplete.py first seen with mtime 1692347414.4517002
File /home/ubuntu/.pyenv/versions/3.9.11/envs/venv/lib/python3.9/site-packages/django/templatetags/__init__.py first seen with mtime 1692347415.1797333
File /home/ubuntu/.pyenv/versions/3.9.11/envs/venv/lib/python3.9/site-packages/django/urls/resolvers.py first seen with mtime 1692347415.1877337
File /home/ubuntu/.pyenv/versions/3.9.11/envs/venv/lib/python3.9/site-packages/django/utils/safestring.py first seen with mtime 1692347415.195734
File /home/ubuntu/.pyenv/versions/3.9.11/envs/venv/lib/python3.9/site-packages/sqlparse/engine/grouping.py first seen with mtime 1692347413.963678
File /home/ubuntu/.pyenv/versions/3.9.11/lib/python3.9/site.py first seen with mtime 1692347322.4360838
File /home/ubuntu/.pyenv/versions/3.9.11/envs/venv/lib/python3.9/site-packages/django/contrib/auth/tokens.py first seen with mtime 1692347414.5197034
File /home/ubuntu/.pyenv/versions/3.9.11/lib/python3.9/lib-dynload/_decimal.cpython-39-x86_64-linux-gnu.so first seen with mtime 1692347321.0
File /home/ubuntu/.pyenv/versions/3.9.11/lib/python3.9/asyncio/protocols.py first seen with mtime 1692347324.0921328
File /home/ubuntu/.pyenv/versions/3.9.11/envs/venv/lib/python3.9/site-packages/sqlparse/lexer.py first seen with mtime 1692347413.963678
File /home/ubuntu/.pyenv/versions/3.9.11/lib/python3.9/encodings/aliases.py first seen with mtime 1692347324.172135
File /home/ubuntu/.pyenv/versions/3.9.11/envs/venv/lib/python3.9/site-packages/django/utils/topological_sort.py first seen with mtime 1692347415.1997342
File /home/ubuntu/.pyenv/versions/3.9.11/envs/venv/lib/python3.9/site-packages/sqlparse/engine/filter_stack.py first seen with mtime 1692347413.963678
File /home/ubuntu/.pyenv/versions/3.9.11/lib/python3.9/codecs.py first seen with mtime 1692347322.3120801
File /home/ubuntu/.pyenv/versions/3.9.11/lib/python3.9/concurrent/futures/thread.py first seen with mtime 1692347324.168135
File /home/ubuntu/.pyenv/versions/3.9.11/lib/python3.9/calendar.py first seen with mtime 1692347322.3040798
File /home/ubuntu/.pyenv/versions/3.9.11/lib/python3.9/operator.py first seen with mtime 1692347322.3880823
File /home/ubuntu/.pyenv/versions/3.9.11/envs/venv/lib/python3.9/site-packages/django/db/models/lookups.py first seen with mtime 1692347415.131731
File /home/ubuntu/cookie_project/cookie_project/cookie/admin.py first seen with mtime 1692363311.8844206
File /home/ubuntu/.pyenv/versions/3.9.11/envs/venv/lib/python3.9/site-packages/django/db/backends/mysql/client.py first seen with mtime 1692347415.1117303
File /home/ubuntu/.pyenv/versions/3.9.11/envs/venv/lib/python3.9/site-packages/django/template/autoreload.py first seen with mtime 1692347415.171733
File /home/ubuntu/.pyenv/versions/3.9.11/envs/venv/lib/python3.9/site-packages/django/contrib/admin/templatetags/__init__.py first seen with mtime 1692347414.4477
File /home/ubuntu/.pyenv/versions/3.9.11/envs/venv/lib/python3.9/site-packages/rest_framework/utils/field_mapping.py first seen with mtime 1692347416.6958025
File /home/ubuntu/.pyenv/versions/3.9.11/lib/python3.9/locale.py first seen with mtime 1692347322.3720818
File /home/ubuntu/.pyenv/versions/3.9.11/lib/python3.9/fnmatch.py first seen with mtime 1692347322.340081
File /home/ubuntu/.pyenv/versions/3.9.11/envs/venv/lib/python3.9/site-packages/django/db/migrations/exceptions.py first seen with mtime 1692347415.123731
File /home/ubuntu/.pyenv/versions/3.9.11/envs/venv/lib/python3.9/site-packages/django/db/backends/base/client.py first seen with mtime 1692347415.1077302
File /home/ubuntu/cookie_project/cookie_project/cookie/__init__.py first seen with mtime 1692349947.7686656
File /home/ubuntu/.pyenv/versions/3.9.11/lib/python3.9/importlib/abc.py first seen with mtime 1692347323.8281248
File /home/ubuntu/.pyenv/versions/3.9.11/envs/venv/lib/python3.9/site-packages/django/contrib/auth/admin.py first seen with mtime 1692347414.511703
File /home/ubuntu/.pyenv/versions/3.9.11/envs/venv/lib/python3.9/site-packages/django/db/models/aggregates.py first seen with mtime 1692347415.1277308
File /home/ubuntu/.pyenv/versions/3.9.11/envs/venv/lib/python3.9/site-packages/django/db/models/manager.py first seen with mtime 1692347415.131731
File /home/ubuntu/.pyenv/versions/3.9.11/lib/python3.9/weakref.py first seen with mtime 1692347322.4920855
File /home/ubuntu/.pyenv/versions/3.9.11/envs/venv/lib/python3.9/site-packages/django/templatetags/i18n.py first seen with mtime 1692347415.1797333
File /home/ubuntu/.pyenv/versions/3.9.11/lib/python3.9/lib-dynload/_blake2.cpython-39-x86_64-linux-gnu.so first seen with mtime 1692347299.0
File /home/ubuntu/.pyenv/versions/3.9.11/lib/python3.9/email/mime/nonmultipart.py first seen with mtime 1692347324.3761413
File /home/ubuntu/.pyenv/versions/3.9.11/envs/venv/lib/python3.9/site-packages/django/contrib/sessions/exceptions.py first seen with mtime 1692347414.955723
File /home/ubuntu/.pyenv/versions/3.9.11/envs/venv/lib/python3.9/site-packages/django/utils/deprecation.py first seen with mtime 1692347415.1917338
File /home/ubuntu/.pyenv/versions/3.9.11/lib/python3.9/tempfile.py first seen with mtime 1692347322.4680846
File /home/ubuntu/.pyenv/versions/3.9.11/envs/venv/lib/python3.9/site-packages/django/contrib/auth/__init__.py first seen with mtime 1692347414.511703
File /home/ubuntu/.pyenv/versions/3.9.11/envs/venv/lib/python3.9/site-packages/django/urls/conf.py first seen with mtime 1692347415.1837335
File /home/ubuntu/.pyenv/versions/3.9.11/envs/venv/lib/python3.9/site-packages/django/utils/crypto.py first seen with mtime 1692347415.1877337
File /home/ubuntu/.pyenv/versions/3.9.11/envs/venv/lib/python3.9/site-packages/django/contrib/contenttypes/admin.py first seen with mtime 1692347414.5877063
File /home/ubuntu/.pyenv/versions/3.9.11/envs/venv/lib/python3.9/site-packages/django/core/files/temp.py first seen with mtime 1692347415.0877292
File /home/ubuntu/.pyenv/versions/3.9.11/envs/venv/lib/python3.9/site-packages/django/template/base.py first seen with mtime 1692347415.171733
File /home/ubuntu/.pyenv/versions/3.9.11/envs/venv/lib/python3.9/site-packages/sqlparse/filters/reindent.py first seen with mtime 1692347413.967678
File /home/ubuntu/.pyenv/versions/3.9.11/lib/python3.9/linecache.py first seen with mtime 1692347322.3720818
File /home/ubuntu/.pyenv/versions/3.9.11/lib/python3.9/xml/dom/__init__.py first seen with mtime 1692347325.2161665
File /home/ubuntu/.pyenv/versions/3.9.11/envs/venv/lib/python3.9/site-packages/django/contrib/contenttypes/__init__.py first seen with mtime 1692347414.5877063
File /home/ubuntu/.pyenv/versions/3.9.11/envs/venv/lib/python3.9/site-packages/django/views/decorators/debug.py first seen with mtime 1692347415.2037344
File /home/ubuntu/.pyenv/versions/3.9.11/envs/venv/lib/python3.9/site-packages/django/core/files/__init__.py first seen with mtime 1692347415.083729
File /home/ubuntu/.pyenv/versions/3.9.11/lib/python3.9/lib-dynload/_asyncio.cpython-39-x86_64-linux-gnu.so first seen with mtime 1692347289.0
File /home/ubuntu/.pyenv/versions/3.9.11/envs/venv/lib/python3.9/site-packages/django/core/checks/security/csrf.py first seen with mtime 1692347415.083729
File /home/ubuntu/.pyenv/versions/3.9.11/lib/python3.9/lib-dynload/grp.cpython-39-x86_64-linux-gnu.so first seen with mtime 1692347289.0
File /home/ubuntu/.pyenv/versions/3.9.11/envs/venv/lib/python3.9/site-packages/django/db/backends/base/schema.py first seen with mtime 1692347415.1077302
File /home/ubuntu/.pyenv/versions/3.9.11/envs/venv/lib/python3.9/site-packages/django/contrib/admin/templatetags/admin_list.py first seen with mtime 1692347414.4477
File /home/ubuntu/.pyenv/versions/3.9.11/envs/venv/lib/python3.9/site-packages/django/core/management/commands/__init__.py first seen with mtime 1692347415.0957296
File /home/ubuntu/.pyenv/versions/3.9.11/lib/python3.9/string.py first seen with mtime 1692347322.4520843
File /home/ubuntu/.pyenv/versions/3.9.11/envs/venv/lib/python3.9/site-packages/django/db/migrations/recorder.py first seen with mtime 1692347415.123731
File /home/ubuntu/.pyenv/versions/3.9.11/envs/venv/lib/python3.9/site-packages/django/contrib/admin/exceptions.py first seen with mtime 1692347414.2676919
File /home/ubuntu/.pyenv/versions/3.9.11/lib/python3.9/inspect.py first seen with mtime 1692347322.3680818
File /home/ubuntu/.pyenv/versions/3.9.11/lib/python3.9/xml/dom/minidom.py first seen with mtime 1692347325.2201667
File /home/ubuntu/.pyenv/versions/3.9.11/envs/venv/lib/python3.9/site-packages/django/utils/ipv6.py first seen with mtime 1692347415.195734
File /home/ubuntu/.pyenv/versions/3.9.11/lib/python3.9/datetime.py first seen with mtime 1692347322.3280807
File /home/ubuntu/.pyenv/versions/3.9.11/envs/venv/lib/python3.9/site-packages/django/utils/lorem_ipsum.py first seen with mtime 1692347415.195734
File /home/ubuntu/.pyenv/versions/3.9.11/envs/venv/lib/python3.9/site-packages/asgiref/local.py first seen with mtime 1692347414.0236807
File /home/ubuntu/.pyenv/versions/3.9.11/envs/venv/lib/python3.9/site-packages/sqlparse/exceptions.py first seen with mtime 1692347413.963678
File /home/ubuntu/.pyenv/versions/3.9.11/lib/python3.9/os.py first seen with mtime 1692347322.3920825
File /home/ubuntu/.pyenv/versions/3.9.11/envs/venv/lib/python3.9/site-packages/django/contrib/auth/management/__init__.py first seen with mtime 1692347414.5837061
File /home/ubuntu/.pyenv/versions/3.9.11/envs/venv/lib/python3.9/site-packages/django/core/files/move.py first seen with mtime 1692347415.0877292
File /home/ubuntu/.pyenv/versions/3.9.11/envs/venv/lib/python3.9/site-packages/django/contrib/admin/views/decorators.py first seen with mtime 1692347414.4517002
File /home/ubuntu/.pyenv/versions/3.9.11/lib/python3.9/logging/config.py first seen with mtime 1692347324.5801473
File /home/ubuntu/.pyenv/versions/3.9.11/envs/venv/lib/python3.9/site-packages/rest_framework/__init__.py first seen with mtime 1692347416.6237993
File /home/ubuntu/.pyenv/versions/3.9.11/lib/python3.9/difflib.py first seen with mtime 1692347322.3320806
File /home/ubuntu/.pyenv/versions/3.9.11/envs/venv/lib/python3.9/site-packages/django/utils/text.py first seen with mtime 1692347415.195734
File /home/ubuntu/.pyenv/versions/3.9.11/envs/venv/lib/python3.9/site-packages/django/views/decorators/csrf.py first seen with mtime 1692347415.2037344
File /home/ubuntu/.pyenv/versions/3.9.11/lib/python3.9/unittest/result.py first seen with mtime 1692347325.3601708
File /home/ubuntu/.pyenv/versions/3.9.11/envs/venv/lib/python3.9/site-packages/MySQLdb/constants/__init__.py first seen with mtime 1692352380.0477471
File /home/ubuntu/.pyenv/versions/3.9.11/lib/python3.9/hashlib.py first seen with mtime 1692347322.3560815
File /home/ubuntu/.pyenv/versions/3.9.11/envs/venv/lib/python3.9/site-packages/django/contrib/auth/hashers.py first seen with mtime 1692347414.5157032
File /home/ubuntu/.pyenv/versions/3.9.11/envs/venv/lib/python3.9/site-packages/django/test/__init__.py first seen with mtime 1692347415.1837335
File /home/ubuntu/.pyenv/versions/3.9.11/lib/python3.9/asyncio/subprocess.py first seen with mtime 1692347324.100133
File /home/ubuntu/.pyenv/versions/3.9.11/lib/python3.9/abc.py first seen with mtime 1692347322.2880795
File /home/ubuntu/.pyenv/versions/3.9.11/lib/python3.9/lib-dynload/fcntl.cpython-39-x86_64-linux-gnu.so first seen with mtime 1692347288.0
File /home/ubuntu/.pyenv/versions/3.9.11/envs/venv/lib/python3.9/site-packages/django/conf/urls/__init__.py first seen with mtime 1692347414.2636917
File /home/ubuntu/.pyenv/versions/3.9.11/envs/venv/lib/python3.9/site-packages/rest_framework/request.py first seen with mtime 1692347416.6277995
File /home/ubuntu/.pyenv/versions/3.9.11/envs/venv/lib/python3.9/site-packages/django/utils/duration.py first seen with mtime 1692347415.1917338
File /home/ubuntu/.pyenv/versions/3.9.11/envs/venv/lib/python3.9/site-packages/django/db/models/sql/query.py first seen with mtime 1692347415.1397314
File /home/ubuntu/.pyenv/versions/3.9.11/envs/venv/lib/python3.9/site-packages/django/utils/module_loading.py first seen with mtime 1692347415.195734
File /home/ubuntu/.pyenv/versions/3.9.11/envs/venv/lib/python3.9/site-packages/rest_framework/apps.py first seen with mtime 1692347416.6237993
File /home/ubuntu/.pyenv/versions/3.9.11/lib/python3.9/urllib/error.py first seen with mtime 1692347324.600148
File /home/ubuntu/.pyenv/versions/3.9.11/lib/python3.9/keyword.py first seen with mtime 1692347322.3720818
File /home/ubuntu/.pyenv/versions/3.9.11/envs/venv/lib/python3.9/site-packages/rest_framework/validators.py first seen with mtime 1692347416.6317997
File /home/ubuntu/.pyenv/versions/3.9.11/envs/venv/lib/python3.9/site-packages/django/urls/base.py first seen with mtime 1692347415.1837335
File /home/ubuntu/.pyenv/versions/3.9.11/lib/python3.9/json/scanner.py first seen with mtime 1692347324.4921446
File /home/ubuntu/.pyenv/versions/3.9.11/envs/venv/lib/python3.9/site-packages/django/contrib/admin/checks.py first seen with mtime 1692347414.2676919
File /home/ubuntu/.pyenv/versions/3.9.11/envs/venv/lib/python3.9/site-packages/django/contrib/auth/base_user.py first seen with mtime 1692347414.5157032
File /home/ubuntu/.pyenv/versions/3.9.11/envs/venv/lib/python3.9/site-packages/django/db/backends/mysql/creation.py first seen with mtime 1692347415.1117303
File /home/ubuntu/.pyenv/versions/3.9.11/lib/python3.9/email/message.py first seen with mtime 1692347324.3561406
File /home/ubuntu/.pyenv/versions/3.9.11/envs/venv/lib/python3.9/site-packages/django/core/handlers/exception.py first seen with mtime 1692347415.0877292
File /home/ubuntu/.pyenv/versions/3.9.11/envs/venv/lib/python3.9/site-packages/django/views/static.py first seen with mtime 1692347415.2037344
File /home/ubuntu/.pyenv/versions/3.9.11/envs/venv/lib/python3.9/site-packages/django/contrib/staticfiles/checks.py first seen with mtime 1692347415.0717285
File /home/ubuntu/.pyenv/versions/3.9.11/envs/venv/lib/python3.9/site-packages/django/db/models/query.py first seen with mtime 1692347415.131731
File /home/ubuntu/.pyenv/versions/3.9.11/envs/venv/lib/python3.9/site-packages/django/contrib/sessions/middleware.py first seen with mtime 1692347414.955723
File /home/ubuntu/.pyenv/versions/3.9.11/envs/venv/lib/python3.9/site-packages/django/utils/encoding.py first seen with mtime 1692347415.1917338
File /home/ubuntu/.pyenv/versions/3.9.11/envs/venv/lib/python3.9/site-packages/django/db/backends/base/creation.py first seen with mtime 1692347415.1077302
File /home/ubuntu/.pyenv/versions/3.9.11/envs/venv/lib/python3.9/site-packages/rest_framework/utils/breadcrumbs.py first seen with mtime 1692347416.6958025
File /home/ubuntu/.pyenv/versions/3.9.11/envs/venv/lib/python3.9/site-packages/django/db/migrations/operations/special.py first seen with mtime 1692347415.1277308
File /home/ubuntu/.pyenv/versions/3.9.11/envs/venv/lib/python3.9/site-packages/pytz/exceptions.py first seen with mtime 1692347413.7516685
File /home/ubuntu/.pyenv/versions/3.9.11/lib/python3.9/lib-dynload/select.cpython-39-x86_64-linux-gnu.so first seen with mtime 1692347289.0
File /home/ubuntu/.pyenv/versions/3.9.11/lib/python3.9/xml/dom/domreg.py first seen with mtime 1692347325.2161665
File /home/ubuntu/.pyenv/versions/3.9.11/lib/python3.9/asyncio/threads.py first seen with mtime 1692347324.1041331
File /home/ubuntu/.pyenv/versions/3.9.11/lib/python3.9/ipaddress.py first seen with mtime 1692347322.3680818
File /home/ubuntu/.pyenv/versions/3.9.11/envs/venv/lib/python3.9/site-packages/django/contrib/sites/shortcuts.py first seen with mtime 1692347415.0157259
File /home/ubuntu/.pyenv/versions/3.9.11/envs/venv/lib/python3.9/site-packages/rest_framework/schemas/openapi.py first seen with mtime 1692347416.6598008
File /home/ubuntu/.pyenv/versions/3.9.11/envs/venv/lib/python3.9/site-packages/django/utils/regex_helper.py first seen with mtime 1692347415.195734
File /home/ubuntu/.pyenv/versions/3.9.11/lib/python3.9/unittest/signals.py first seen with mtime 1692347325.364171
File /home/ubuntu/.pyenv/versions/3.9.11/lib/python3.9/email/base64mime.py first seen with mtime 1692347324.3441403
File /home/ubuntu/.pyenv/versions/3.9.11/envs/venv/lib/python3.9/site-packages/django/db/migrations/state.py first seen with mtime 1692347415.123731
File /home/ubuntu/.pyenv/versions/3.9.11/lib/python3.9/email/_policybase.py first seen with mtime 1692347324.34014
File /home/ubuntu/.pyenv/versions/3.9.11/lib/python3.9/posixpath.py first seen with mtime 1692347322.4040828
File /home/ubuntu/.pyenv/versions/3.9.11/envs/venv/lib/python3.9/site-packages/sqlparse/formatter.py first seen with mtime 1692347413.963678
File /home/ubuntu/.pyenv/versions/3.9.11/lib/python3.9/email/_header_value_parser.py first seen with mtime 1692347324.34014
File /home/ubuntu/.pyenv/versions/3.9.11/envs/venv/lib/python3.9/site-packages/django/core/checks/templates.py first seen with mtime 1692347415.083729
File /home/ubuntu/.pyenv/versions/3.9.11/envs/venv/lib/python3.9/site-packages/rest_framework/response.py first seen with mtime 1692347416.6277995
File /home/ubuntu/.pyenv/versions/3.9.11/envs/venv/lib/python3.9/site-packages/django/core/mail/__init__.py first seen with mtime 1692347415.0877292
File /home/ubuntu/.pyenv/versions/3.9.11/lib/python3.9/typing.py first seen with mtime 1692347322.484085
File /home/ubuntu/.pyenv/versions/3.9.11/envs/venv/lib/python3.9/site-packages/django/db/models/__init__.py first seen with mtime 1692347415.1277308
File /home/ubuntu/.pyenv/versions/3.9.11/envs/venv/lib/python3.9/site-packages/django/utils/dateformat.py first seen with mtime 1692347415.1917338
File /home/ubuntu/.pyenv/versions/3.9.11/envs/venv/lib/python3.9/site-packages/django/db/migrations/__init__.py first seen with mtime 1692347415.1197307
File /home/ubuntu/.pyenv/versions/3.9.11/lib/python3.9/http/server.py first seen with mtime 1692347324.5281458
File /home/ubuntu/.pyenv/versions/3.9.11/lib/python3.9/unittest/main.py first seen with mtime 1692347325.3561707
File /home/ubuntu/.pyenv/versions/3.9.11/lib/python3.9/wsgiref/simple_server.py first seen with mtime 1692347324.5921476
File /home/ubuntu/.pyenv/versions/3.9.11/envs/venv/lib/python3.9/site-packages/django/utils/hashable.py first seen with mtime 1692347415.1917338
File /home/ubuntu/.pyenv/versions/3.9.11/envs/venv/lib/python3.9/site-packages/sqlparse/tokens.py first seen with mtime 1692347413.963678
File /home/ubuntu/.pyenv/versions/3.9.11/envs/venv/lib/python3.9/site-packages/django/test/html.py first seen with mtime 1692347415.1837335
File /home/ubuntu/.pyenv/versions/3.9.11/lib/python3.9/email/header.py first seen with mtime 1692347324.3521404
File /home/ubuntu/.pyenv/versions/3.9.11/lib/python3.9/asyncio/staggered.py first seen with mtime 1692347324.100133
File /home/ubuntu/.pyenv/versions/3.9.11/envs/venv/lib/python3.9/site-packages/django/template/backends/__init__.py first seen with mtime 1692347415.175733
File /home/ubuntu/.pyenv/versions/3.9.11/envs/venv/lib/python3.9/site-packages/django/views/decorators/__init__.py first seen with mtime 1692347415.2037344
File /home/ubuntu/.pyenv/versions/3.9.11/envs/venv/lib/python3.9/site-packages/django/utils/numberformat.py first seen with mtime 1692347415.195734
File /home/ubuntu/.pyenv/versions/3.9.11/lib/python3.9/unittest/suite.py first seen with mtime 1692347325.364171
File /home/ubuntu/.pyenv/versions/3.9.11/envs/venv/lib/python3.9/site-packages/sqlparse/utils.py first seen with mtime 1692347413.963678
File /home/ubuntu/.pyenv/versions/3.9.11/envs/venv/lib/python3.9/site-packages/MySQLdb/converters.py first seen with mtime 1692352380.0437472
File /home/ubuntu/.pyenv/versions/3.9.11/envs/venv/lib/python3.9/site-packages/MySQLdb/release.py first seen with mtime 1692352380.0477471
File /home/ubuntu/.pyenv/versions/3.9.11/envs/venv/lib/python3.9/site-packages/django/utils/formats.py first seen with mtime 1692347415.1917338
File /home/ubuntu/.pyenv/versions/3.9.11/envs/venv/lib/python3.9/site-packages/rest_framework/mixins.py first seen with mtime 1692347416.6277995
File /home/ubuntu/.pyenv/versions/3.9.11/envs/venv/lib/python3.9/site-packages/django/core/cache/__init__.py first seen with mtime 1692347415.0797288
File /home/ubuntu/.pyenv/versions/3.9.11/envs/venv/lib/python3.9/site-packages/django/db/models/fields/proxy.py first seen with mtime 1692347415.1357312
File /home/ubuntu/.pyenv/versions/3.9.11/lib/python3.9/gettext.py first seen with mtime 1692347322.3520813
File /home/ubuntu/.pyenv/versions/3.9.11/envs/venv/lib/python3.9/site-packages/django/utils/connection.py first seen with mtime 1692347415.1877337
File /home/ubuntu/.pyenv/versions/3.9.11/envs/venv/lib/python3.9/site-packages/django/db/backends/mysql/validation.py first seen with mtime 1692347415.1117303
File /home/ubuntu/.pyenv/versions/3.9.11/envs/venv/lib/python3.9/site-packages/django/template/loaders/filesystem.py first seen with mtime 1692347415.1797333
File /home/ubuntu/.pyenv/versions/3.9.11/lib/python3.9/genericpath.py first seen with mtime 1692347322.348081
File /home/ubuntu/.pyenv/versions/3.9.11/envs/venv/lib/python3.9/site-packages/django/core/checks/__init__.py first seen with mtime 1692347415.0797288
File /home/ubuntu/.pyenv/versions/3.9.11/envs/venv/lib/python3.9/site-packages/django/core/cache/backends/base.py first seen with mtime 1692347415.0797288
File /home/ubuntu/.pyenv/versions/3.9.11/envs/venv/lib/python3.9/site-packages/django/forms/boundfield.py first seen with mtime 1692347415.1437316
File /home/ubuntu/.pyenv/versions/3.9.11/envs/venv/lib/python3.9/site-packages/django/db/backends/signals.py first seen with mtime 1692347415.10373
File /home/ubuntu/.pyenv/versions/3.9.11/envs/venv/lib/python3.9/site-packages/django/template/library.py first seen with mtime 1692347415.175733
File /home/ubuntu/.pyenv/versions/3.9.11/lib/python3.9/email/iterators.py first seen with mtime 1692347324.3561406
File /home/ubuntu/.pyenv/versions/3.9.11/envs/venv/lib/python3.9/site-packages/django/db/backends/base/validation.py first seen with mtime 1692347415.1077302
File /home/ubuntu/.pyenv/versions/3.9.11/envs/venv/lib/python3.9/site-packages/django/contrib/sessions/apps.py first seen with mtime 1692347414.955723
File /home/ubuntu/.pyenv/versions/3.9.11/lib/python3.9/warnings.py first seen with mtime 1692347322.4880853
File /home/ubuntu/.pyenv/versions/3.9.11/envs/venv/lib/python3.9/site-packages/django/contrib/admin/actions.py first seen with mtime 1692347414.2676919
File /home/ubuntu/.pyenv/versions/3.9.11/envs/venv/lib/python3.9/site-packages/rest_framework/parsers.py first seen with mtime 1692347416.6277995
File /home/ubuntu/.pyenv/versions/3.9.11/envs/venv/lib/python3.9/site-packages/sqlparse/filters/right_margin.py first seen with mtime 1692347413.967678
File /home/ubuntu/.pyenv/versions/3.9.11/envs/venv/lib/python3.9/site-packages/django/contrib/admin/__init__.py first seen with mtime 1692347414.2676919
File /home/ubuntu/.pyenv/versions/3.9.11/envs/venv/lib/python3.9/site-packages/django/contrib/sessions/backends/__init__.py first seen with mtime 1692347414.955723
File /home/ubuntu/.pyenv/versions/3.9.11/lib/python3.9/socketserver.py first seen with mtime 1692347322.4400837
File /home/ubuntu/.pyenv/versions/3.9.11/envs/venv/lib/python3.9/site-packages/django/db/migrations/executor.py first seen with mtime 1692347415.123731
File /home/ubuntu/.pyenv/versions/3.9.11/envs/venv/lib/python3.9/site-packages/MySQLdb/_mysql.cpython-39-x86_64-linux-gnu.so first seen with mtime 1692352380.0437472
File /home/ubuntu/.pyenv/versions/3.9.11/lib/python3.9/pkgutil.py first seen with mtime 1692347322.4000826
File /home/ubuntu/.pyenv/versions/3.9.11/envs/venv/lib/python3.9/site-packages/django/core/management/commands/runserver.py first seen with mtime 1692347415.0997298
File /home/ubuntu/.pyenv/versions/3.9.11/lib/python3.9/json/__init__.py first seen with mtime 1692347324.4881446
File /home/ubuntu/.pyenv/versions/3.9.11/lib/python3.9/traceback.py first seen with mtime 1692347322.476085
File /home/ubuntu/.pyenv/versions/3.9.11/envs/venv/lib/python3.9/site-packages/rest_framework/utils/representation.py first seen with mtime 1692347416.6958025
File /home/ubuntu/.pyenv/versions/3.9.11/envs/venv/lib/python3.9/site-packages/django/core/checks/messages.py first seen with mtime 1692347415.083729
File /home/ubuntu/.pyenv/versions/3.9.11/envs/venv/lib/python3.9/site-packages/MySQLdb/__init__.py first seen with mtime 1692352380.0437472
File /home/ubuntu/.pyenv/versions/3.9.11/envs/venv/lib/python3.9/site-packages/django/contrib/admindocs/__init__.py first seen with mtime 1692347414.4517002
File /home/ubuntu/.pyenv/versions/3.9.11/envs/venv/lib/python3.9/site-packages/django/contrib/sites/__init__.py first seen with mtime 1692347415.0157259
File /home/ubuntu/.pyenv/versions/3.9.11/envs/venv/lib/python3.9/site-packages/django/test/testcases.py first seen with mtime 1692347415.1837335
File /home/ubuntu/.pyenv/versions/3.9.11/lib/python3.9/ntpath.py first seen with mtime 1692347322.3840823
File /home/ubuntu/.pyenv/versions/3.9.11/lib/python3.9/encodings/__init__.py first seen with mtime 1692347324.172135
File /home/ubuntu/.pyenv/versions/3.9.11/envs/venv/lib/python3.9/site-packages/django/db/models/query_utils.py first seen with mtime 1692347415.131731
File /home/ubuntu/.pyenv/versions/3.9.11/envs/venv/lib/python3.9/site-packages/django/utils/decorators.py first seen with mtime 1692347415.1917338
File /home/ubuntu/.pyenv/versions/3.9.11/lib/python3.9/email/mime/message.py first seen with mtime 1692347324.3721411
File /home/ubuntu/.pyenv/versions/3.9.11/envs/venv/lib/python3.9/site-packages/django/apps/config.py first seen with mtime 1692347414.1396859
File /home/ubuntu/.pyenv/versions/3.9.11/lib/python3.9/tokenize.py first seen with mtime 1692347322.476085
File /home/ubuntu/.pyenv/versions/3.9.11/lib/python3.9/mimetypes.py first seen with mtime 1692347322.3800821
File /home/ubuntu/.pyenv/versions/3.9.11/envs/venv/lib/python3.9/site-packages/django/core/checks/translation.py first seen with mtime 1692347415.083729
File /home/ubuntu/.pyenv/versions/3.9.11/envs/venv/lib/python3.9/site-packages/sqlparse/filters/tokens.py first seen with mtime 1692347413.967678
File /home/ubuntu/.pyenv/versions/3.9.11/lib/python3.9/lib-dynload/_uuid.cpython-39-x86_64-linux-gnu.so first seen with mtime 1692347313.0
File /home/ubuntu/.pyenv/versions/3.9.11/envs/venv/lib/python3.9/site-packages/pytz/lazy.py first seen with mtime 1692347413.7516685
File /home/ubuntu/.pyenv/versions/3.9.11/lib/python3.9/lib-dynload/_queue.cpython-39-x86_64-linux-gnu.so first seen with mtime 1692347288.0
File /home/ubuntu/.pyenv/versions/3.9.11/lib/python3.9/unittest/runner.py first seen with mtime 1692347325.3601708
File /home/ubuntu/.pyenv/versions/3.9.11/lib/python3.9/copy.py first seen with mtime 1692347322.3240805
File /home/ubuntu/.pyenv/versions/3.9.11/lib/python3.9/selectors.py first seen with mtime 1692347322.4280834
File /home/ubuntu/.pyenv/versions/3.9.11/envs/venv/lib/python3.9/site-packages/django/contrib/auth/middleware.py first seen with mtime 1692347414.5157032
File /home/ubuntu/.pyenv/versions/3.9.11/envs/venv/lib/python3.9/site-packages/rest_framework/negotiation.py first seen with mtime 1692347416.6277995
File /home/ubuntu/.pyenv/versions/3.9.11/envs/venv/lib/python3.9/site-packages/MySQLdb/_exceptions.py first seen with mtime 1692352380.0437472
File /home/ubuntu/.pyenv/versions/3.9.11/envs/venv/lib/python3.9/site-packages/django/db/migrations/loader.py first seen with mtime 1692347415.123731
File /home/ubuntu/.pyenv/versions/3.9.11/envs/venv/lib/python3.9/site-packages/django/core/cache/backends/locmem.py first seen with mtime 1692347415.0797288
File /home/ubuntu/.pyenv/versions/3.9.11/lib/python3.9/wsgiref/util.py first seen with mtime 1692347324.5921476
File /home/ubuntu/.pyenv/versions/3.9.11/lib/python3.9/lib-dynload/_bz2.cpython-39-x86_64-linux-gnu.so first seen with mtime 1692347303.0
File /home/ubuntu/.pyenv/versions/3.9.11/lib/python3.9/unittest/util.py first seen with mtime 1692347325.364171
File /home/ubuntu/.pyenv/versions/3.9.11/lib/python3.9/gzip.py first seen with mtime 1692347322.3560815
File /home/ubuntu/.pyenv/versions/3.9.11/envs/venv/lib/python3.9/site-packages/django/template/loaders/app_directories.py first seen with mtime 1692347415.1797333
File /home/ubuntu/.pyenv/versions/3.9.11/lib/python3.9/email/errors.py first seen with mtime 1692347324.3521404
File /home/ubuntu/.pyenv/versions/3.9.11/lib/python3.9/asyncio/queues.py first seen with mtime 1692347324.0921328
File /home/ubuntu/.pyenv/versions/3.9.11/envs/venv/lib/python3.9/site-packages/django/contrib/messages/apps.py first seen with mtime 1692347414.8517184
File /home/ubuntu/.pyenv/versions/3.9.11/lib/python3.9/asyncio/sslproto.py first seen with mtime 1692347324.0961328
File /home/ubuntu/.pyenv/versions/3.9.11/envs/venv/lib/python3.9/site-packages/django/db/models/functions/math.py first seen with mtime 1692347415.1397314
File /home/ubuntu/.pyenv/versions/3.9.11/lib/python3.9/lib-dynload/_random.cpython-39-x86_64-linux-gnu.so first seen with mtime 1692347284.0
File /home/ubuntu/.pyenv/versions/3.9.11/lib/python3.9/re.py first seen with mtime 1692347322.4200833
File /home/ubuntu/.pyenv/versions/3.9.11/envs/venv/lib/python3.9/site-packages/rest_framework/utils/__init__.py first seen with mtime 1692347416.6958025
File /home/ubuntu/.pyenv/versions/3.9.11/envs/venv/lib/python3.9/site-packages/pytz/__init__.py first seen with mtime 1692347413.7516685
File /home/ubuntu/.pyenv/versions/3.9.11/envs/venv/lib/python3.9/site-packages/django/db/models/fields/files.py first seen with mtime 1692347415.1357312
File /home/ubuntu/.pyenv/versions/3.9.11/lib/python3.9/lib-dynload/_contextvars.cpython-39-x86_64-linux-gnu.so first seen with mtime 1692347280.0
File /home/ubuntu/.pyenv/versions/3.9.11/envs/venv/lib/python3.9/site-packages/django/core/files/utils.py first seen with mtime 1692347415.0877292
File /home/ubuntu/.pyenv/versions/3.9.11/lib/python3.9/email/quoprimime.py first seen with mtime 1692347324.3601408
File /home/ubuntu/.pyenv/versions/3.9.11/envs/venv/lib/python3.9/site-packages/django/views/generic/base.py first seen with mtime 1692347415.2037344
File /home/ubuntu/.pyenv/versions/3.9.11/envs/venv/lib/python3.9/site-packages/sqlparse/filters/__init__.py first seen with mtime 1692347413.967678
File /home/ubuntu/.pyenv/versions/3.9.11/lib/python3.9/html/parser.py first seen with mtime 1692347324.4841444
File /home/ubuntu/.pyenv/versions/3.9.11/envs/venv/lib/python3.9/site-packages/django/contrib/__init__.py first seen with mtime 1692347414.2636917
File /home/ubuntu/cookie_project/cookie_project/cookie/serializers.py first seen with mtime 1692363357.5040421
File /home/ubuntu/.pyenv/versions/3.9.11/envs/venv/lib/python3.9/site-packages/django/core/serializers/python.py first seen with mtime 1692347415.10373
File /home/ubuntu/.pyenv/versions/3.9.11/envs/venv/lib/python3.9/site-packages/django/db/models/options.py first seen with mtime 1692347415.131731
File /home/ubuntu/.pyenv/versions/3.9.11/lib/python3.9/email/__init__.py first seen with mtime 1692347324.33614
File /home/ubuntu/.pyenv/versions/3.9.11/lib/python3.9/opcode.py first seen with mtime 1692347322.3880823
File /home/ubuntu/.pyenv/versions/3.9.11/envs/venv/lib/python3.9/site-packages/django/db/migrations/graph.py first seen with mtime 1692347415.123731
File /home/ubuntu/.pyenv/versions/3.9.11/envs/venv/lib/python3.9/site-packages/django/contrib/auth/views.py first seen with mtime 1692347414.5197034
File /home/ubuntu/.pyenv/versions/3.9.11/lib/python3.9/numbers.py first seen with mtime 1692347322.3880823
File /home/ubuntu/.pyenv/versions/3.9.11/lib/python3.9/urllib/parse.py first seen with mtime 1692347324.600148
File /home/ubuntu/.pyenv/versions/3.9.11/lib/python3.9/http/client.py first seen with mtime 1692347324.5241456
File /home/ubuntu/.pyenv/versions/3.9.11/lib/python3.9/asyncio/unix_events.py first seen with mtime 1692347324.108133
File /home/ubuntu/.pyenv/versions/3.9.11/lib/python3.9/asyncio/selector_events.py first seen with mtime 1692347324.0961328
File /home/ubuntu/.pyenv/versions/3.9.11/envs/venv/lib/python3.9/site-packages/django/contrib/admin/templatetags/admin_urls.py first seen with mtime 1692347414.4477
File /home/ubuntu/.pyenv/versions/3.9.11/lib/python3.9/xml/dom/xmlbuilder.py first seen with mtime 1692347325.2241666
File /home/ubuntu/.pyenv/versions/3.9.11/envs/venv/lib/python3.9/site-packages/django/dispatch/__init__.py first seen with mtime 1692347415.1437316
File /home/ubuntu/.pyenv/versions/3.9.11/envs/venv/lib/python3.9/site-packages/django/template/__init__.py first seen with mtime 1692347415.171733
File /home/ubuntu/.pyenv/versions/3.9.11/envs/venv/lib/python3.9/site-packages/django/db/backends/ddl_references.py first seen with mtime 1692347415.10373
File /home/ubuntu/.pyenv/versions/3.9.11/envs/venv/lib/python3.9/site-packages/django/contrib/contenttypes/views.py first seen with mtime 1692347414.5877063
File /home/ubuntu/.pyenv/versions/3.9.11/envs/venv/lib/python3.9/site-packages/django/contrib/admin/views/main.py first seen with mtime 1692347414.4517002
File /home/ubuntu/.pyenv/versions/3.9.11/lib/python3.9/_compression.py first seen with mtime 1692347322.272079
File /home/ubuntu/cookie_project/cookie_project/cookie/apps.py first seen with mtime 1692349947.7646656
File /home/ubuntu/.pyenv/versions/3.9.11/envs/venv/lib/python3.9/site-packages/django/db/backends/mysql/schema.py first seen with mtime 1692347415.1117303
File /home/ubuntu/.pyenv/versions/3.9.11/envs/venv/lib/python3.9/site-packages/django/contrib/contenttypes/management/__init__.py first seen with mtime 1692347414.6397088
File /home/ubuntu/.pyenv/versions/3.9.11/envs/venv/lib/python3.9/site-packages/django/core/exceptions.py first seen with mtime 1692347415.0757287
File /home/ubuntu/.pyenv/versions/3.9.11/envs/venv/lib/python3.9/site-packages/django/test/utils.py first seen with mtime 1692347415.1837335
File /home/ubuntu/cookie_project/cookie_project/cookie/signup.py first seen with mtime 1692375063.167662
File /home/ubuntu/.pyenv/versions/3.9.11/lib/python3.9/functools.py first seen with mtime 1692347322.348081
File /home/ubuntu/.pyenv/versions/3.9.11/envs/venv/lib/python3.9/site-packages/rest_framework/metadata.py first seen with mtime 1692347416.6277995
File /home/ubuntu/.pyenv/versions/3.9.11/envs/venv/lib/python3.9/site-packages/django/contrib/sessions/base_session.py first seen with mtime 1692347414.955723
File /home/ubuntu/cookie_project/cookie_project/manage.py first seen with mtime 1692349803.2402368
File /home/ubuntu/.pyenv/versions/3.9.11/envs/venv/lib/python3.9/site-packages/rest_framework/templatetags/rest_framework.py first seen with mtime 1692347416.6958025
File /home/ubuntu/.pyenv/versions/3.9.11/envs/venv/lib/python3.9/site-packages/django/core/serializers/__init__.py first seen with mtime 1692347415.0997298
File /home/ubuntu/.pyenv/versions/3.9.11/envs/venv/lib/python3.9/site-packages/django/db/models/expressions.py first seen with mtime 1692347415.131731
File /home/ubuntu/.pyenv/versions/3.9.11/envs/venv/lib/python3.9/site-packages/django/db/models/sql/subqueries.py first seen with mtime 1692347415.1437316
File /home/ubuntu/.pyenv/versions/3.9.11/envs/venv/lib/python3.9/site-packages/django/template/backends/django.py first seen with mtime 1692347415.175733
File /home/ubuntu/.pyenv/versions/3.9.11/envs/venv/lib/python3.9/site-packages/django/contrib/auth/apps.py first seen with mtime 1692347414.5157032
File /home/ubuntu/.pyenv/versions/3.9.11/envs/venv/lib/python3.9/site-packages/django/core/handlers/__init__.py first seen with mtime 1692347415.0877292
File /home/ubuntu/.pyenv/versions/3.9.11/lib/python3.9/queue.py first seen with mtime 1692347322.416083
File /home/ubuntu/.pyenv/versions/3.9.11/envs/venv/lib/python3.9/site-packages/django/urls/converters.py first seen with mtime 1692347415.1877337
File /home/ubuntu/.pyenv/versions/3.9.11/envs/venv/lib/python3.9/site-packages/django/utils/datastructures.py first seen with mtime 1692347415.1877337
File /home/ubuntu/.pyenv/versions/3.9.11/envs/venv/lib/python3.9/site-packages/django/core/files/locks.py first seen with mtime 1692347415.083729
File /home/ubuntu/.pyenv/versions/3.9.11/envs/venv/lib/python3.9/site-packages/django/contrib/auth/validators.py first seen with mtime 1692347414.5197034
File /home/ubuntu/.pyenv/versions/3.9.11/envs/venv/lib/python3.9/site-packages/django/contrib/admin/templatetags/base.py first seen with mtime 1692347414.4477
File /home/ubuntu/.pyenv/versions/3.9.11/envs/venv/lib/python3.9/site-packages/sqlparse/filters/aligned_indent.py first seen with mtime 1692347413.967678
File /home/ubuntu/.pyenv/versions/3.9.11/envs/venv/lib/python3.9/site-packages/django/contrib/admin/options.py first seen with mtime 1692347414.2676919
File /home/ubuntu/.pyenv/versions/3.9.11/envs/venv/lib/python3.9/site-packages/rest_framework/views.py first seen with mtime 1692347416.6317997
File /home/ubuntu/.pyenv/versions/3.9.11/envs/venv/lib/python3.9/site-packages/django/db/migrations/operations/__init__.py first seen with mtime 1692347415.1277308
File /home/ubuntu/.pyenv/versions/3.9.11/envs/venv/lib/python3.9/site-packages/django/contrib/contenttypes/apps.py first seen with mtime 1692347414.5877063
File /home/ubuntu/.pyenv/versions/3.9.11/lib/python3.9/dis.py first seen with mtime 1692347322.3360808
File /home/ubuntu/.pyenv/versions/3.9.11/lib/python3.9/lib-dynload/binascii.cpython-39-x86_64-linux-gnu.so first seen with mtime 1692347303.0
File /home/ubuntu/.pyenv/versions/3.9.11/envs/venv/lib/python3.9/site-packages/sqlparse/filters/others.py first seen with mtime 1692347413.967678
File /home/ubuntu/.pyenv/versions/3.9.11/envs/venv/lib/python3.9/site-packages/rest_framework/serializers.py first seen with mtime 1692347416.6317997
File /home/ubuntu/.pyenv/versions/3.9.11/envs/venv/lib/python3.9/site-packages/django/contrib/staticfiles/management/commands/runserver.py first seen with mtime 1692347415.0757287
File /home/ubuntu/cookie_project/cookie_project/cookie_project/settings.py first seen with mtime 1692375829.3979013
File /home/ubuntu/.pyenv/versions/3.9.11/lib/python3.9/pickle.py first seen with mtime 1692347322.3960826
File /home/ubuntu/.pyenv/versions/3.9.11/lib/python3.9/asyncio/base_subprocess.py first seen with mtime 1692347324.072132
File /home/ubuntu/.pyenv/versions/3.9.11/envs/venv/lib/python3.9/site-packages/typing_extensions.py first seen with mtime 1692347413.9316766
File /home/ubuntu/.pyenv/versions/3.9.11/envs/venv/lib/python3.9/site-packages/django/forms/widgets.py first seen with mtime 1692347415.1477318
File /home/ubuntu/.pyenv/versions/3.9.11/lib/python3.9/lib-dynload/_posixsubprocess.cpython-39-x86_64-linux-gnu.so first seen with mtime 1692347291.0
File /home/ubuntu/.pyenv/versions/3.9.11/envs/venv/lib/python3.9/site-packages/django/db/backends/mysql/__init__.py first seen with mtime 1692347415.1077302
File /home/ubuntu/.pyenv/versions/3.9.11/envs/venv/lib/python3.9/site-packages/django/dispatch/dispatcher.py first seen with mtime 1692347415.1437316
File /home/ubuntu/.pyenv/versions/3.9.11/lib/python3.9/quopri.py first seen with mtime 1692347322.416083
File /home/ubuntu/.pyenv/versions/3.9.11/envs/venv/lib/python3.9/site-packages/rest_framework/utils/html.py first seen with mtime 1692347416.6958025
File /home/ubuntu/.pyenv/versions/3.9.11/lib/python3.9/uuid.py first seen with mtime 1692347322.4880853
File /home/ubuntu/.pyenv/versions/3.9.11/envs/venv/lib/python3.9/site-packages/django/db/models/constraints.py first seen with mtime 1692347415.1277308
File /home/ubuntu/.pyenv/versions/3.9.11/lib/python3.9/importlib/machinery.py first seen with mtime 1692347323.832125
File /home/ubuntu/.pyenv/versions/3.9.11/lib/python3.9/collections/abc.py first seen with mtime 1692347324.1601348
File /home/ubuntu/.pyenv/versions/3.9.11/envs/venv/lib/python3.9/site-packages/django/template/engine.py first seen with mtime 1692347415.175733
File /home/ubuntu/.pyenv/versions/3.9.11/lib/python3.9/email/headerregistry.py first seen with mtime 1692347324.3561406
File /home/ubuntu/.pyenv/versions/3.9.11/envs/venv/lib/python3.9/site-packages/django/core/checks/async_checks.py first seen with mtime 1692347415.0797288
File /home/ubuntu/.pyenv/versions/3.9.11/envs/venv/lib/python3.9/site-packages/django/db/backends/base/__init__.py first seen with mtime 1692347415.1077302
File /home/ubuntu/.pyenv/versions/3.9.11/envs/venv/lib/python3.9/site-packages/sqlparse/keywords.py first seen with mtime 1692347413.963678
File /home/ubuntu/.pyenv/versions/3.9.11/lib/python3.9/threading.py first seen with mtime 1692347322.4720848
File /home/ubuntu/.pyenv/versions/3.9.11/lib/python3.9/email/mime/multipart.py first seen with mtime 1692347324.3761413
File /home/ubuntu/.pyenv/versions/3.9.11/envs/venv/lib/python3.9/site-packages/django/apps/registry.py first seen with mtime 1692347414.1396859
File /home/ubuntu/.pyenv/versions/3.9.11/lib/python3.9/email/feedparser.py first seen with mtime 1692347324.3521404
File /home/ubuntu/.pyenv/versions/3.9.11/envs/venv/lib/python3.9/site-packages/django/template/smartif.py first seen with mtime 1692347415.175733
File /home/ubuntu/.pyenv/versions/3.9.11/envs/venv/lib/python3.9/site-packages/rest_framework/templatetags/__init__.py first seen with mtime 1692347416.6958025
File /home/ubuntu/.pyenv/versions/3.9.11/envs/venv/lib/python3.9/site-packages/django/db/backends/mysql/introspection.py first seen with mtime 1692347415.1117303
File /home/ubuntu/.pyenv/versions/3.9.11/envs/venv/lib/python3.9/site-packages/django/views/generic/edit.py first seen with mtime 1692347415.2077346
File /home/ubuntu/.pyenv/versions/3.9.11/envs/venv/lib/python3.9/site-packages/django/db/models/fields/json.py first seen with mtime 1692347415.1357312
File /home/ubuntu/.pyenv/versions/3.9.11/lib/python3.9/lib-dynload/_pickle.cpython-39-x86_64-linux-gnu.so first seen with mtime 1692347287.0
File /home/ubuntu/.pyenv/versions/3.9.11/lib/python3.9/lib-dynload/_struct.cpython-39-x86_64-linux-gnu.so first seen with mtime 1692347280.0
File /home/ubuntu/.pyenv/versions/3.9.11/lib/python3.9/wsgiref/handlers.py first seen with mtime 1692347324.5881476
File /home/ubuntu/.pyenv/versions/3.9.11/lib/python3.9/contextvars.py first seen with mtime 1692347322.3200803
File /home/ubuntu/.pyenv/versions/3.9.11/envs/venv/lib/python3.9/site-packages/django/contrib/auth/decorators.py first seen with mtime 1692347414.5157032
File /home/ubuntu/.pyenv/versions/3.9.11/envs/venv/lib/python3.9/site-packages/django/db/backends/base/introspection.py first seen with mtime 1692347415.1077302
File /home/ubuntu/.pyenv/versions/3.9.11/lib/python3.9/uu.py first seen with mtime 1692347322.484085
File /home/ubuntu/.pyenv/versions/3.9.11/envs/venv/lib/python3.9/site-packages/django/http/cookie.py first seen with mtime 1692347415.1677327
File /home/ubuntu/.pyenv/versions/3.9.11/envs/venv/lib/python3.9/site-packages/django/forms/utils.py first seen with mtime 1692347415.1477318
File /home/ubuntu/.pyenv/versions/3.9.11/envs/venv/lib/python3.9/site-packages/django/core/management/color.py first seen with mtime 1692347415.0917294
File /home/ubuntu/.pyenv/versions/3.9.11/envs/venv/lib/python3.9/site-packages/django/views/generic/detail.py first seen with mtime 1692347415.2037344
File /home/ubuntu/.pyenv/versions/3.9.11/envs/venv/lib/python3.9/site-packages/rest_framework/renderers.py first seen with mtime 1692347416.6277995
File /home/ubuntu/.pyenv/versions/3.9.11/envs/venv/lib/python3.9/site-packages/rest_framework/utils/mediatypes.py first seen with mtime 1692347416.6958025
File /home/ubuntu/.pyenv/versions/3.9.11/lib/python3.9/unittest/case.py first seen with mtime 1692347325.3561707
File /home/ubuntu/.pyenv/versions/3.9.11/envs/venv/lib/python3.9/site-packages/django/contrib/sessions/models.py first seen with mtime 1692347414.955723
File /home/ubuntu/.pyenv/versions/3.9.11/lib/python3.9/lib-dynload/_opcode.cpython-39-x86_64-linux-gnu.so first seen with mtime 1692347287.0
File /home/ubuntu/.pyenv/versions/3.9.11/envs/venv/lib/python3.9/site-packages/django/core/mail/utils.py first seen with mtime 1692347415.0877292
File /home/ubuntu/.pyenv/versions/3.9.11/envs/venv/lib/python3.9/site-packages/django/template/loader_tags.py first seen with mtime 1692347415.175733
File /home/ubuntu/.pyenv/versions/3.9.11/envs/venv/lib/python3.9/site-packages/django/utils/translation/__init__.py first seen with mtime 1692347415.1997342
File /home/ubuntu/.pyenv/versions/3.9.11/envs/venv/lib/python3.9/site-packages/django/db/models/utils.py first seen with mtime 1692347415.131731
File /home/ubuntu/.pyenv/versions/3.9.11/envs/venv/lib/python3.9/site-packages/django/utils/_os.py first seen with mtime 1692347415.1877337
File /home/ubuntu/.pyenv/versions/3.9.11/lib/python3.9/zoneinfo/__init__.py first seen with mtime 1692347325.4401734
File /home/ubuntu/.pyenv/versions/3.9.11/lib/python3.9/concurrent/futures/_base.py first seen with mtime 1692347324.164135
File /home/ubuntu/.pyenv/versions/3.9.11/envs/venv/lib/python3.9/site-packages/django/db/models/functions/__init__.py first seen with mtime 1692347415.1357312
File /home/ubuntu/.pyenv/versions/3.9.11/lib/python3.9/asyncio/transports.py first seen with mtime 1692347324.1041331
File /home/ubuntu/.pyenv/versions/3.9.11/envs/venv/lib/python3.9/site-packages/django/db/migrations/utils.py first seen with mtime 1692347415.123731
File /home/ubuntu/.pyenv/versions/3.9.11/lib/python3.9/reprlib.py first seen with mtime 1692347322.4200833
File /home/ubuntu/.pyenv/versions/3.9.11/envs/venv/lib/python3.9/site-packages/rest_framework/fields.py first seen with mtime 1692347416.6237993
File /home/ubuntu/.pyenv/versions/3.9.11/lib/python3.9/lib-dynload/_datetime.cpython-39-x86_64-linux-gnu.so first seen with mtime 1692347284.0
File /home/ubuntu/.pyenv/versions/3.9.11/envs/venv/lib/python3.9/site-packages/django/contrib/staticfiles/management/__init__.py first seen with mtime 1692347415.0757287
File /home/ubuntu/.pyenv/versions/3.9.11/lib/python3.9/asyncio/events.py first seen with mtime 1692347324.0801322
File /home/ubuntu/.pyenv/versions/3.9.11/lib/python3.9/email/mime/__init__.py first seen with mtime 1692347324.3641407
File /home/ubuntu/.pyenv/versions/3.9.11/lib/python3.9/socket.py first seen with mtime 1692347322.4400837
File /home/ubuntu/.pyenv/versions/3.9.11/envs/venv/lib/python3.9/site-packages/django/contrib/postgres/__init__.py first seen with mtime 1692347414.8517184
File /home/ubuntu/.pyenv/versions/3.9.11/envs/venv/lib/python3.9/site-packages/django/http/__init__.py first seen with mtime 1692347415.1677327
File /home/ubuntu/.pyenv/versions/3.9.11/envs/venv/lib/python3.9/site-packages/rest_framework/viewsets.py first seen with mtime 1692347416.6317997
File /home/ubuntu/.pyenv/versions/3.9.11/envs/venv/lib/python3.9/site-packages/rest_framework/utils/encoders.py first seen with mtime 1692347416.6958025
File /home/ubuntu/.pyenv/versions/3.9.11/envs/venv/lib/python3.9/site-packages/django/contrib/admin/widgets.py first seen with mtime 1692347414.271692
File /home/ubuntu/.pyenv/versions/3.9.11/lib/python3.9/types.py first seen with mtime 1692347322.484085
File /home/ubuntu/.pyenv/versions/3.9.11/lib/python3.9/ssl.py first seen with mtime 1692347322.448084
File /home/ubuntu/.pyenv/versions/3.9.11/lib/python3.9/lib-dynload/termios.cpython-39-x86_64-linux-gnu.so first seen with mtime 1692347302.0
File /home/ubuntu/.pyenv/versions/3.9.11/lib/python3.9/_weakrefset.py first seen with mtime 1692347322.2840793
File /home/ubuntu/.pyenv/versions/3.9.11/envs/venv/lib/python3.9/site-packages/django/core/checks/compatibility/django_4_0.py first seen with mtime 1692347415.083729
File /home/ubuntu/.pyenv/versions/3.9.11/envs/venv/lib/python3.9/site-packages/django/conf/__init__.py first seen with mtime 1692347414.1396859
File /home/ubuntu/.pyenv/versions/3.9.11/lib/python3.9/concurrent/futures/__init__.py first seen with mtime 1692347324.164135
File /home/ubuntu/.pyenv/versions/3.9.11/envs/venv/lib/python3.9/site-packages/django/db/models/sql/__init__.py first seen with mtime 1692347415.1397314
File /home/ubuntu/.pyenv/versions/3.9.11/envs/venv/lib/python3.9/site-packages/django/core/cache/utils.py first seen with mtime 1692347415.0797288
File /home/ubuntu/.pyenv/versions/3.9.11/envs/venv/lib/python3.9/site-packages/django/core/cache/backends/filebased.py first seen with mtime 1692347415.0797288
File /home/ubuntu/.pyenv/versions/3.9.11/envs/venv/lib/python3.9/site-packages/django/utils/timesince.py first seen with mtime 1692347415.195734
File /home/ubuntu/.pyenv/versions/3.9.11/envs/venv/lib/python3.9/site-packages/django/db/models/sql/constants.py first seen with mtime 1692347415.1397314
File /home/ubuntu/.pyenv/versions/3.9.11/lib/python3.9/pathlib.py first seen with mtime 1692347322.3920825
File /home/ubuntu/.pyenv/versions/3.9.11/lib/python3.9/signal.py first seen with mtime 1692347322.4320836
File /home/ubuntu/.pyenv/versions/3.9.11/envs/venv/lib/python3.9/site-packages/django/http/request.py first seen with mtime 1692347415.1677327
File /home/ubuntu/.pyenv/versions/3.9.11/envs/venv/lib/python3.9/site-packages/django/forms/__init__.py first seen with mtime 1692347415.1437316
File /home/ubuntu/.pyenv/versions/3.9.11/envs/venv/lib/python3.9/site-packages/rest_framework/decorators.py first seen with mtime 1692347416.6237993
File /home/ubuntu/.pyenv/versions/3.9.11/envs/venv/lib/python3.9/site-packages/rest_framework/utils/humanize_datetime.py first seen with mtime 1692347416.6958025
File /home/ubuntu/.pyenv/versions/3.9.11/lib/python3.9/bisect.py first seen with mtime 1692347322.3000798
File /home/ubuntu/.pyenv/versions/3.9.11/envs/venv/lib/python3.9/site-packages/django/template/exceptions.py first seen with mtime 1692347415.175733
File /home/ubuntu/.pyenv/versions/3.9.11/lib/python3.9/getpass.py first seen with mtime 1692347322.3520813
File /home/ubuntu/.pyenv/versions/3.9.11/lib/python3.9/lib-dynload/array.cpython-39-x86_64-linux-gnu.so first seen with mtime 1692347280.0
File /home/ubuntu/.pyenv/versions/3.9.11/lib/python3.9/sysconfig.py first seen with mtime 1692347322.4600844
File /home/ubuntu/.pyenv/versions/3.9.11/envs/venv/lib/python3.9/site-packages/django/contrib/staticfiles/handlers.py first seen with mtime 1692347415.0717285
File /home/ubuntu/.pyenv/versions/3.9.11/envs/venv/lib/python3.9/site-packages/django/core/signing.py first seen with mtime 1692347415.0757287
File /home/ubuntu/.pyenv/versions/3.9.11/lib/python3.9/email/encoders.py first seen with mtime 1692347324.3481405
File /home/ubuntu/.pyenv/versions/3.9.11/envs/venv/lib/python3.9/site-packages/django/utils/log.py first seen with mtime 1692347415.195734
File /home/ubuntu/.pyenv/versions/3.9.11/envs/venv/lib/python3.9/site-packages/django/db/utils.py first seen with mtime 1692347415.10373
File /home/ubuntu/.pyenv/versions/3.9.11/lib/python3.9/sre_constants.py first seen with mtime 1692347322.444084
File /home/ubuntu/.pyenv/versions/3.9.11/lib/python3.9/subprocess.py first seen with mtime 1692347322.4560843
File /home/ubuntu/.pyenv/versions/3.9.11/lib/python3.9/ast.py first seen with mtime 1692347322.2920794
File /home/ubuntu/.pyenv/versions/3.9.11/envs/venv/lib/python3.9/site-packages/django/db/models/constants.py first seen with mtime 1692347415.1277308
File /home/ubuntu/.pyenv/versions/3.9.11/lib/python3.9/json/decoder.py first seen with mtime 1692347324.4881446
File /home/ubuntu/.pyenv/versions/3.9.11/lib/python3.9/wsgiref/__init__.py first seen with mtime 1692347324.5881476
File /home/ubuntu/.pyenv/versions/3.9.11/envs/venv/lib/python3.9/site-packages/django/contrib/admin/utils.py first seen with mtime 1692347414.271692
File /home/ubuntu/.pyenv/versions/3.9.11/lib/python3.9/unittest/__init__.py first seen with mtime 1692347325.3481705
File /home/ubuntu/.pyenv/versions/3.9.11/envs/venv/lib/python3.9/site-packages/django/utils/autoreload.py first seen with mtime 1692347415.1877337
File /home/ubuntu/.pyenv/versions/3.9.11/envs/venv/lib/python3.9/site-packages/django/contrib/admindocs/utils.py first seen with mtime 1692347414.4517002
File /home/ubuntu/.pyenv/versions/3.9.11/lib/python3.9/urllib/__init__.py first seen with mtime 1692347324.600148
File /home/ubuntu/.pyenv/versions/3.9.11/lib/python3.9/asyncio/log.py first seen with mtime 1692347324.0881326
File /home/ubuntu/.pyenv/versions/3.9.11/envs/venv/lib/python3.9/site-packages/django/db/models/deletion.py first seen with mtime 1692347415.1277308
File /home/ubuntu/.pyenv/versions/3.9.11/envs/venv/lib/python3.9/site-packages/django/core/servers/basehttp.py first seen with mtime 1692347415.10373
File /home/ubuntu/.pyenv/versions/3.9.11/lib/python3.9/contextlib.py first seen with mtime 1692347322.3200803
File /home/ubuntu/.pyenv/versions/3.9.11/lib/python3.9/lib-dynload/_json.cpython-39-x86_64-linux-gnu.so first seen with mtime 1692347286.0
File /home/ubuntu/.pyenv/versions/3.9.11/envs/venv/lib/python3.9/site-packages/django/core/cache/backends/__init__.py first seen with mtime 1692347415.0797288
File /home/ubuntu/.pyenv/versions/3.9.11/envs/venv/lib/python3.9/site-packages/django/core/files/storage.py first seen with mtime 1692347415.0877292
File /home/ubuntu/.pyenv/versions/3.9.11/lib/python3.9/glob.py first seen with mtime 1692347322.3520813
File /home/ubuntu/.pyenv/versions/3.9.11/envs/venv/lib/python3.9/site-packages/rest_framework/settings.py first seen with mtime 1692347416.6317997
File /home/ubuntu/.pyenv/versions/3.9.11/lib/python3.9/lib-dynload/zlib.cpython-39-x86_64-linux-gnu.so first seen with mtime 1692347303.0
File /home/ubuntu/.pyenv/versions/3.9.11/envs/venv/lib/python3.9/site-packages/django/middleware/common.py first seen with mtime 1692347415.171733
File /home/ubuntu/.pyenv/versions/3.9.11/envs/venv/lib/python3.9/site-packages/django/shortcuts.py first seen with mtime 1692347414.1396859
File /home/ubuntu/.pyenv/versions/3.9.11/envs/venv/lib/python3.9/site-packages/pytz/tzinfo.py first seen with mtime 1692347413.7516685
File /home/ubuntu/.pyenv/versions/3.9.11/lib/python3.9/urllib/request.py first seen with mtime 1692347324.6041481
File /home/ubuntu/.pyenv/versions/3.9.11/envs/venv/lib/python3.9/site-packages/django/core/__init__.py first seen with mtime 1692347415.0757287
File /home/ubuntu/.pyenv/versions/3.9.11/lib/python3.9/email/policy.py first seen with mtime 1692347324.3601408
File /home/ubuntu/.pyenv/versions/3.9.11/envs/venv/lib/python3.9/site-packages/django/core/checks/security/base.py first seen with mtime 1692347415.083729
File /home/ubuntu/.pyenv/versions/3.9.11/envs/venv/lib/python3.9/site-packages/django/db/__init__.py first seen with mtime 1692347415.10373
File /home/ubuntu/.pyenv/versions/3.9.11/lib/python3.9/http/cookies.py first seen with mtime 1692347324.5281458
File /home/ubuntu/.pyenv/versions/3.9.11/envs/venv/lib/python3.9/site-packages/rest_framework/authentication.py first seen with mtime 1692347416.6237993
File /home/ubuntu/.pyenv/versions/3.9.11/envs/venv/lib/python3.9/site-packages/django/views/debug.py first seen with mtime 1692347415.1997342
File /home/ubuntu/.pyenv/versions/3.9.11/envs/venv/lib/python3.9/site-packages/django/utils/translation/trans_real.py first seen with mtime 1692347415.1997342
File /home/ubuntu/.pyenv/versions/3.9.11/envs/venv/lib/python3.9/site-packages/django/views/generic/list.py first seen with mtime 1692347415.2077346
File /home/ubuntu/.pyenv/versions/3.9.11/envs/venv/lib/python3.9/site-packages/django/utils/cache.py first seen with mtime 1692347415.1877337
File /home/ubuntu/.pyenv/versions/3.9.11/lib/python3.9/heapq.py first seen with mtime 1692347322.3600814
File /home/ubuntu/.pyenv/versions/3.9.11/envs/venv/lib/python3.9/site-packages/django/db/models/functions/datetime.py first seen with mtime 1692347415.1397314
File /home/ubuntu/.pyenv/versions/3.9.11/envs/venv/lib/python3.9/site-packages/django/core/paginator.py first seen with mtime 1692347415.0757287
File /home/ubuntu/.pyenv/versions/3.9.11/lib/python3.9/asyncio/coroutines.py first seen with mtime 1692347324.0801322
File /home/ubuntu/.pyenv/versions/3.9.11/envs/venv/lib/python3.9/site-packages/django/http/response.py first seen with mtime 1692347415.1677327
File /home/ubuntu/.pyenv/versions/3.9.11/lib/python3.9/base64.py first seen with mtime 1692347322.2960796
File /home/ubuntu/.pyenv/versions/3.9.11/envs/venv/lib/python3.9/site-packages/django/contrib/staticfiles/__init__.py first seen with mtime 1692347415.0717285
File /home/ubuntu/.pyenv/versions/3.9.11/lib/python3.9/sre_compile.py first seen with mtime 1692347322.444084
File /home/ubuntu/.pyenv/versions/3.9.11/envs/venv/lib/python3.9/site-packages/django/db/migrations/migration.py first seen with mtime 1692347415.123731
File /home/ubuntu/.pyenv/versions/3.9.11/envs/venv/lib/python3.9/site-packages/django/urls/exceptions.py first seen with mtime 1692347415.1877337
File /home/ubuntu/.pyenv/versions/3.9.11/envs/venv/lib/python3.9/site-packages/django/utils/http.py first seen with mtime 1692347415.195734
File /home/ubuntu/cookie_project/cookie_project/cookie/models.py first seen with mtime 1692363734.6005661
File /home/ubuntu/cookie_project/cookie_project/cookie_project/urls.py first seen with mtime 1692373739.7819483
File /home/ubuntu/.pyenv/versions/3.9.11/envs/venv/lib/python3.9/site-packages/django/core/validators.py first seen with mtime 1692347415.0757287
File /home/ubuntu/.pyenv/versions/3.9.11/lib/python3.9/xml/dom/NodeFilter.py first seen with mtime 1692347325.2121663
File /home/ubuntu/.pyenv/versions/3.9.11/envs/venv/lib/python3.9/site-packages/django/forms/formsets.py first seen with mtime 1692347415.1437316
File /home/ubuntu/.pyenv/versions/3.9.11/envs/venv/lib/python3.9/site-packages/django/db/backends/__init__.py first seen with mtime 1692347415.10373
File /home/ubuntu/.pyenv/versions/3.9.11/envs/venv/lib/python3.9/site-packages/django/db/models/functions/comparison.py first seen with mtime 1692347415.1357312
File /home/ubuntu/.pyenv/versions/3.9.11/lib/python3.9/html/entities.py first seen with mtime 1692347324.4841444
File /home/ubuntu/.pyenv/versions/3.9.11/envs/venv/lib/python3.9/site-packages/django/contrib/admin/apps.py first seen with mtime 1692347414.2676919
File /home/ubuntu/.pyenv/versions/3.9.11/envs/venv/lib/python3.9/site-packages/django/db/models/functions/mixins.py first seen with mtime 1692347415.1397314
File /home/ubuntu/.pyenv/versions/3.9.11/envs/venv/lib/python3.9/site-packages/MySQLdb/constants/FIELD_TYPE.py first seen with mtime 1692352380.0477471
File /home/ubuntu/.pyenv/versions/3.9.11/envs/venv/lib/python3.9/site-packages/django/views/generic/dates.py first seen with mtime 1692347415.2037344
File /home/ubuntu/.pyenv/versions/3.9.11/envs/venv/lib/python3.9/site-packages/django/contrib/staticfiles/apps.py first seen with mtime 1692347415.0717285
File /home/ubuntu/.pyenv/versions/3.9.11/envs/venv/lib/python3.9/site-packages/django/contrib/auth/models.py first seen with mtime 1692347414.5157032
File /home/ubuntu/.pyenv/versions/3.9.11/envs/venv/lib/python3.9/site-packages/django/views/csrf.py first seen with mtime 1692347415.1997342
File /home/ubuntu/.pyenv/versions/3.9.11/envs/venv/lib/python3.9/site-packages/django/views/defaults.py first seen with mtime 1692347415.2037344
File /home/ubuntu/.pyenv/versions/3.9.11/lib/python3.9/json/encoder.py first seen with mtime 1692347324.4881446
File /home/ubuntu/.pyenv/versions/3.9.11/lib/python3.9/stat.py first seen with mtime 1692347322.448084
File /home/ubuntu/.pyenv/versions/3.9.11/envs/venv/lib/python3.9/site-packages/rest_framework/schemas/__init__.py first seen with mtime 1692347416.6598008
File /home/ubuntu/.pyenv/versions/3.9.11/envs/venv/lib/python3.9/site-packages/django/db/models/sql/where.py first seen with mtime 1692347415.1437316
File /home/ubuntu/.pyenv/versions/3.9.11/envs/venv/lib/python3.9/site-packages/django/utils/version.py first seen with mtime 1692347415.1997342
File /home/ubuntu/.pyenv/versions/3.9.11/envs/venv/lib/python3.9/site-packages/django/conf/locale/__init__.py first seen with mtime 1692347414.143686
File /home/ubuntu/.pyenv/versions/3.9.11/envs/venv/lib/python3.9/site-packages/django/http/multipartparser.py first seen with mtime 1692347415.1677327
File /home/ubuntu/.pyenv/versions/3.9.11/lib/python3.9/_sitebuiltins.py first seen with mtime 1692347322.2800791
File /home/ubuntu/.pyenv/versions/3.9.11/lib/python3.9/lib-dynload/math.cpython-39-x86_64-linux-gnu.so first seen with mtime 1692347281.0
File /home/ubuntu/.pyenv/versions/3.9.11/lib/python3.9/collections/__init__.py first seen with mtime 1692347324.1561346
File /home/ubuntu/.pyenv/versions/3.9.11/envs/venv/lib/python3.9/site-packages/rest_framework/schemas/inspectors.py first seen with mtime 1692347416.6598008
File /home/ubuntu/.pyenv/versions/3.9.11/lib/python3.9/email/utils.py first seen with mtime 1692347324.3641407
File /home/ubuntu/.pyenv/versions/3.9.11/envs/venv/lib/python3.9/site-packages/django/contrib/contenttypes/models.py first seen with mtime 1692347414.5877063
File /home/ubuntu/.pyenv/versions/3.9.11/lib/python3.9/random.py first seen with mtime 1692347322.4200833
File /home/ubuntu/.pyenv/versions/3.9.11/envs/venv/lib/python3.9/site-packages/django/core/handlers/wsgi.py first seen with mtime 1692347415.0877292
File /home/ubuntu/.pyenv/versions/3.9.11/envs/venv/lib/python3.9/site-packages/django/contrib/admin/sites.py first seen with mtime 1692347414.2676919
File /home/ubuntu/.pyenv/versions/3.9.11/lib/python3.9/urllib/response.py first seen with mtime 1692347324.6041481
File /home/ubuntu/.pyenv/versions/3.9.11/lib/python3.9/concurrent/__init__.py first seen with mtime 1692347324.1601348
File /home/ubuntu/.pyenv/versions/3.9.11/lib/python3.9/struct.py first seen with mtime 1692347322.4520843
File /home/ubuntu/.pyenv/versions/3.9.11/envs/venv/lib/python3.9/site-packages/sqlparse/engine/__init__.py first seen with mtime 1692347413.963678
File /home/ubuntu/.pyenv/versions/3.9.11/envs/venv/lib/python3.9/site-packages/django/contrib/admin/filters.py first seen with mtime 1692347414.2676919
File /home/ubuntu/.pyenv/versions/3.9.11/envs/venv/lib/python3.9/site-packages/django/template/utils.py first seen with mtime 1692347415.175733
File /home/ubuntu/.pyenv/versions/venv/lib/python3.9/site-packages/rest_framework/templates/rest_framework first seen with mtime 1692347416.6918023
File /home/ubuntu/.pyenv/versions/venv/lib/python3.9/site-packages/rest_framework/templates/rest_framework/raw_data_form.html first seen with mtime 1692347416.6798017
File /home/ubuntu/.pyenv/versions/venv/lib/python3.9/site-packages/rest_framework/templates/rest_framework/api.html first seen with mtime 1692347416.6798017
File /home/ubuntu/.pyenv/versions/venv/lib/python3.9/site-packages/rest_framework/templates/rest_framework/docs first seen with mtime 1692347416.683802
File /home/ubuntu/.pyenv/versions/venv/lib/python3.9/site-packages/rest_framework/templates/rest_framework/admin first seen with mtime 1692347416.6798017
File /home/ubuntu/.pyenv/versions/venv/lib/python3.9/site-packages/rest_framework/templates/rest_framework/base.html first seen with mtime 1692347416.6798017
File /home/ubuntu/.pyenv/versions/venv/lib/python3.9/site-packages/rest_framework/templates/rest_framework/login.html first seen with mtime 1692347416.6798017
File /home/ubuntu/.pyenv/versions/venv/lib/python3.9/site-packages/rest_framework/templates/rest_framework/vertical first seen with mtime 1692347416.6958025
File /home/ubuntu/.pyenv/versions/venv/lib/python3.9/site-packages/rest_framework/templates/rest_framework/schema.js first seen with mtime 1692347416.6798017
File /home/ubuntu/.pyenv/versions/venv/lib/python3.9/site-packages/rest_framework/templates/rest_framework/login_base.html first seen with mtime 1692347416.6798017
File /home/ubuntu/.pyenv/versions/venv/lib/python3.9/site-packages/rest_framework/templates/rest_framework/filters first seen with mtime 1692347416.683802
File /home/ubuntu/.pyenv/versions/venv/lib/python3.9/site-packages/rest_framework/templates/rest_framework/horizontal first seen with mtime 1692347416.687802
File /home/ubuntu/.pyenv/versions/venv/lib/python3.9/site-packages/rest_framework/templates/rest_framework/admin.html first seen with mtime 1692347416.6798017
File /home/ubuntu/.pyenv/versions/venv/lib/python3.9/site-packages/rest_framework/templates/rest_framework/inline first seen with mtime 1692347416.6918023
File /home/ubuntu/.pyenv/versions/venv/lib/python3.9/site-packages/rest_framework/templates/rest_framework/pagination first seen with mtime 1692347416.6918023
File /home/ubuntu/.pyenv/versions/venv/lib/python3.9/site-packages/rest_framework/templates/rest_framework/docs/index.html first seen with mtime 1692347416.6798017
File /home/ubuntu/.pyenv/versions/venv/lib/python3.9/site-packages/rest_framework/templates/rest_framework/docs/error.html first seen with mtime 1692347416.6798017
File /home/ubuntu/.pyenv/versions/venv/lib/python3.9/site-packages/rest_framework/templates/rest_framework/docs/auth first seen with mtime 1692347416.683802
File /home/ubuntu/.pyenv/versions/venv/lib/python3.9/site-packages/rest_framework/templates/rest_framework/docs/interact.html first seen with mtime 1692347416.6798017
File /home/ubuntu/.pyenv/versions/venv/lib/python3.9/site-packages/rest_framework/templates/rest_framework/docs/link.html first seen with mtime 1692347416.683802
File /home/ubuntu/.pyenv/versions/venv/lib/python3.9/site-packages/rest_framework/templates/rest_framework/docs/sidebar.html first seen with mtime 1692347416.683802
File /home/ubuntu/.pyenv/versions/venv/lib/python3.9/site-packages/rest_framework/templates/rest_framework/docs/document.html first seen with mtime 1692347416.6798017
File /home/ubuntu/.pyenv/versions/venv/lib/python3.9/site-packages/rest_framework/templates/rest_framework/docs/langs first seen with mtime 1692347416.683802
File /home/ubuntu/.pyenv/versions/venv/lib/python3.9/site-packages/rest_framework/templates/rest_framework/docs/auth/session.html first seen with mtime 1692347416.683802
File /home/ubuntu/.pyenv/versions/venv/lib/python3.9/site-packages/rest_framework/templates/rest_framework/docs/auth/basic.html first seen with mtime 1692347416.683802
File /home/ubuntu/.pyenv/versions/venv/lib/python3.9/site-packages/rest_framework/templates/rest_framework/docs/auth/token.html first seen with mtime 1692347416.683802
File /home/ubuntu/.pyenv/versions/venv/lib/python3.9/site-packages/rest_framework/templates/rest_framework/docs/langs/javascript.html first seen with mtime 1692347416.683802
File /home/ubuntu/.pyenv/versions/venv/lib/python3.9/site-packages/rest_framework/templates/rest_framework/docs/langs/python.html first seen with mtime 1692347416.683802
File /home/ubuntu/.pyenv/versions/venv/lib/python3.9/site-packages/rest_framework/templates/rest_framework/docs/langs/python-intro.html first seen with mtime 1692347416.683802
File /home/ubuntu/.pyenv/versions/venv/lib/python3.9/site-packages/rest_framework/templates/rest_framework/docs/langs/javascript-intro.html first seen with mtime 1692347416.683802
File /home/ubuntu/.pyenv/versions/venv/lib/python3.9/site-packages/rest_framework/templates/rest_framework/docs/langs/shell.html first seen with mtime 1692347416.683802
File /home/ubuntu/.pyenv/versions/venv/lib/python3.9/site-packages/rest_framework/templates/rest_framework/docs/langs/shell-intro.html first seen with mtime 1692347416.683802
File /home/ubuntu/.pyenv/versions/venv/lib/python3.9/site-packages/rest_framework/templates/rest_framework/admin/simple_list_value.html first seen with mtime 1692347416.6798017
File /home/ubuntu/.pyenv/versions/venv/lib/python3.9/site-packages/rest_framework/templates/rest_framework/admin/dict_value.html first seen with mtime 1692347416.6798017
File /home/ubuntu/.pyenv/versions/venv/lib/python3.9/site-packages/rest_framework/templates/rest_framework/admin/list.html first seen with mtime 1692347416.6798017
File /home/ubuntu/.pyenv/versions/venv/lib/python3.9/site-packages/rest_framework/templates/rest_framework/admin/detail.html first seen with mtime 1692347416.6798017
File /home/ubuntu/.pyenv/versions/venv/lib/python3.9/site-packages/rest_framework/templates/rest_framework/admin/list_value.html first seen with mtime 1692347416.6798017
File /home/ubuntu/.pyenv/versions/venv/lib/python3.9/site-packages/rest_framework/templates/rest_framework/vertical/checkbox.html first seen with mtime 1692347416.6918023
File /home/ubuntu/.pyenv/versions/venv/lib/python3.9/site-packages/rest_framework/templates/rest_framework/vertical/select.html first seen with mtime 1692347416.6918023
File /home/ubuntu/.pyenv/versions/venv/lib/python3.9/site-packages/rest_framework/templates/rest_framework/vertical/list_field.html first seen with mtime 1692347416.6918023
File /home/ubuntu/.pyenv/versions/venv/lib/python3.9/site-packages/rest_framework/templates/rest_framework/vertical/checkbox_multiple.html first seen with mtime 1692347416.6918023
File /home/ubuntu/.pyenv/versions/venv/lib/python3.9/site-packages/rest_framework/templates/rest_framework/vertical/textarea.html first seen with mtime 1692347416.6958025
File /home/ubuntu/.pyenv/versions/venv/lib/python3.9/site-packages/rest_framework/templates/rest_framework/vertical/list_fieldset.html first seen with mtime 1692347416.6918023
File /home/ubuntu/.pyenv/versions/venv/lib/python3.9/site-packages/rest_framework/templates/rest_framework/vertical/dict_field.html first seen with mtime 1692347416.6918023
File /home/ubuntu/.pyenv/versions/venv/lib/python3.9/site-packages/rest_framework/templates/rest_framework/vertical/select_multiple.html first seen with mtime 1692347416.6918023
File /home/ubuntu/.pyenv/versions/venv/lib/python3.9/site-packages/rest_framework/templates/rest_framework/vertical/input.html first seen with mtime 1692347416.6918023
File /home/ubuntu/.pyenv/versions/venv/lib/python3.9/site-packages/rest_framework/templates/rest_framework/vertical/form.html first seen with mtime 1692347416.6918023
File /home/ubuntu/.pyenv/versions/venv/lib/python3.9/site-packages/rest_framework/templates/rest_framework/vertical/radio.html first seen with mtime 1692347416.6918023
File /home/ubuntu/.pyenv/versions/venv/lib/python3.9/site-packages/rest_framework/templates/rest_framework/vertical/fieldset.html first seen with mtime 1692347416.6918023
File /home/ubuntu/.pyenv/versions/venv/lib/python3.9/site-packages/rest_framework/templates/rest_framework/filters/base.html first seen with mtime 1692347416.683802
File /home/ubuntu/.pyenv/versions/venv/lib/python3.9/site-packages/rest_framework/templates/rest_framework/filters/search.html first seen with mtime 1692347416.683802
File /home/ubuntu/.pyenv/versions/venv/lib/python3.9/site-packages/rest_framework/templates/rest_framework/filters/ordering.html first seen with mtime 1692347416.683802
File /home/ubuntu/.pyenv/versions/venv/lib/python3.9/site-packages/rest_framework/templates/rest_framework/horizontal/checkbox.html first seen with mtime 1692347416.683802
File /home/ubuntu/.pyenv/versions/venv/lib/python3.9/site-packages/rest_framework/templates/rest_framework/horizontal/select.html first seen with mtime 1692347416.687802
File /home/ubuntu/.pyenv/versions/venv/lib/python3.9/site-packages/rest_framework/templates/rest_framework/horizontal/list_field.html first seen with mtime 1692347416.687802
File /home/ubuntu/.pyenv/versions/venv/lib/python3.9/site-packages/rest_framework/templates/rest_framework/horizontal/checkbox_multiple.html first seen with mtime 1692347416.683802
File /home/ubuntu/.pyenv/versions/venv/lib/python3.9/site-packages/rest_framework/templates/rest_framework/horizontal/textarea.html first seen with mtime 1692347416.687802
File /home/ubuntu/.pyenv/versions/venv/lib/python3.9/site-packages/rest_framework/templates/rest_framework/horizontal/list_fieldset.html first seen with mtime 1692347416.687802
File /home/ubuntu/.pyenv/versions/venv/lib/python3.9/site-packages/rest_framework/templates/rest_framework/horizontal/dict_field.html first seen with mtime 1692347416.687802
File /home/ubuntu/.pyenv/versions/venv/lib/python3.9/site-packages/rest_framework/templates/rest_framework/horizontal/select_multiple.html first seen with mtime 1692347416.687802
File /home/ubuntu/.pyenv/versions/venv/lib/python3.9/site-packages/rest_framework/templates/rest_framework/horizontal/input.html first seen with mtime 1692347416.687802
File /home/ubuntu/.pyenv/versions/venv/lib/python3.9/site-packages/rest_framework/templates/rest_framework/horizontal/form.html first seen with mtime 1692347416.687802
File /home/ubuntu/.pyenv/versions/venv/lib/python3.9/site-packages/rest_framework/templates/rest_framework/horizontal/radio.html first seen with mtime 1692347416.687802
File /home/ubuntu/.pyenv/versions/venv/lib/python3.9/site-packages/rest_framework/templates/rest_framework/horizontal/fieldset.html first seen with mtime 1692347416.687802
File /home/ubuntu/.pyenv/versions/venv/lib/python3.9/site-packages/rest_framework/templates/rest_framework/inline/checkbox.html first seen with mtime 1692347416.687802
File /home/ubuntu/.pyenv/versions/venv/lib/python3.9/site-packages/rest_framework/templates/rest_framework/inline/select.html first seen with mtime 1692347416.6918023
File /home/ubuntu/.pyenv/versions/venv/lib/python3.9/site-packages/rest_framework/templates/rest_framework/inline/list_field.html first seen with mtime 1692347416.687802
File /home/ubuntu/.pyenv/versions/venv/lib/python3.9/site-packages/rest_framework/templates/rest_framework/inline/checkbox_multiple.html first seen with mtime 1692347416.687802
File /home/ubuntu/.pyenv/versions/venv/lib/python3.9/site-packages/rest_framework/templates/rest_framework/inline/textarea.html first seen with mtime 1692347416.6918023
File /home/ubuntu/.pyenv/versions/venv/lib/python3.9/site-packages/rest_framework/templates/rest_framework/inline/list_fieldset.html first seen with mtime 1692347416.6918023
File /home/ubuntu/.pyenv/versions/venv/lib/python3.9/site-packages/rest_framework/templates/rest_framework/inline/dict_field.html first seen with mtime 1692347416.687802
File /home/ubuntu/.pyenv/versions/venv/lib/python3.9/site-packages/rest_framework/templates/rest_framework/inline/select_multiple.html first seen with mtime 1692347416.6918023
File /home/ubuntu/.pyenv/versions/venv/lib/python3.9/site-packages/rest_framework/templates/rest_framework/inline/input.html first seen with mtime 1692347416.687802
File /home/ubuntu/.pyenv/versions/venv/lib/python3.9/site-packages/rest_framework/templates/rest_framework/inline/form.html first seen with mtime 1692347416.687802
File /home/ubuntu/.pyenv/versions/venv/lib/python3.9/site-packages/rest_framework/templates/rest_framework/inline/radio.html first seen with mtime 1692347416.6918023
File /home/ubuntu/.pyenv/versions/venv/lib/python3.9/site-packages/rest_framework/templates/rest_framework/inline/fieldset.html first seen with mtime 1692347416.687802
File /home/ubuntu/.pyenv/versions/venv/lib/python3.9/site-packages/rest_framework/templates/rest_framework/pagination/previous_and_next.html first seen with mtime 1692347416.6918023
File /home/ubuntu/.pyenv/versions/venv/lib/python3.9/site-packages/rest_framework/templates/rest_framework/pagination/numbers.html first seen with mtime 1692347416.6918023
File /home/ubuntu/.pyenv/versions/venv/lib/python3.9/site-packages/rest_framework/locale/sl/LC_MESSAGES/django.mo first seen with mtime 1692347416.6558006
File /home/ubuntu/.pyenv/versions/venv/lib/python3.9/site-packages/rest_framework/locale/ach/LC_MESSAGES/django.mo first seen with mtime 1692347416.6358
File /home/ubuntu/.pyenv/versions/venv/lib/python3.9/site-packages/rest_framework/locale/ru_RU/LC_MESSAGES/django.mo first seen with mtime 1692347416.6518004
File /home/ubuntu/.pyenv/versions/venv/lib/python3.9/site-packages/rest_framework/locale/lv/LC_MESSAGES/django.mo first seen with mtime 1692347416.6478002
File /home/ubuntu/.pyenv/versions/venv/lib/python3.9/site-packages/rest_framework/locale/sv/LC_MESSAGES/django.mo first seen with mtime 1692347416.6558006
File /home/ubuntu/.pyenv/versions/venv/lib/python3.9/site-packages/rest_framework/locale/lt/LC_MESSAGES/django.mo first seen with mtime 1692347416.6478002
File /home/ubuntu/.pyenv/versions/venv/lib/python3.9/site-packages/rest_framework/locale/pl/LC_MESSAGES/django.mo first seen with mtime 1692347416.6518004
File /home/ubuntu/.pyenv/versions/venv/lib/python3.9/site-packages/rest_framework/locale/en_US/LC_MESSAGES/django.mo first seen with mtime 1692347416.6438
File /home/ubuntu/.pyenv/versions/venv/lib/python3.9/site-packages/rest_framework/locale/et/LC_MESSAGES/django.mo first seen with mtime 1692347416.6438
File /home/ubuntu/.pyenv/versions/venv/lib/python3.9/site-packages/rest_framework/locale/ar/LC_MESSAGES/django.mo first seen with mtime 1692347416.6358
File /home/ubuntu/.pyenv/versions/venv/lib/python3.9/site-packages/rest_framework/locale/fr_CA/LC_MESSAGES/django.mo first seen with mtime 1692347416.6438
File /home/ubuntu/.pyenv/versions/venv/lib/python3.9/site-packages/rest_framework/locale/hu/LC_MESSAGES/django.mo first seen with mtime 1692347416.6478002
File /home/ubuntu/.pyenv/versions/venv/lib/python3.9/site-packages/rest_framework/locale/pt/LC_MESSAGES/django.mo first seen with mtime 1692347416.6518004
File /home/ubuntu/.pyenv/versions/venv/lib/python3.9/site-packages/rest_framework/locale/en_AU/LC_MESSAGES/django.mo first seen with mtime 1692347416.6397998
File /home/ubuntu/.pyenv/versions/venv/lib/python3.9/site-packages/rest_framework/locale/th/LC_MESSAGES/django.mo first seen with mtime 1692347416.6558006
File /home/ubuntu/.pyenv/versions/venv/lib/python3.9/site-packages/rest_framework/locale/pt_BR/LC_MESSAGES/django.mo first seen with mtime 1692347416.6518004
File /home/ubuntu/.pyenv/versions/venv/lib/python3.9/site-packages/rest_framework/locale/da/LC_MESSAGES/django.mo first seen with mtime 1692347416.6397998
File /home/ubuntu/.pyenv/versions/venv/lib/python3.9/site-packages/rest_framework/locale/sk/LC_MESSAGES/django.mo first seen with mtime 1692347416.6518004
File /home/ubuntu/.pyenv/versions/venv/lib/python3.9/site-packages/rest_framework/locale/no/LC_MESSAGES/django.mo first seen with mtime 1692347416.6518004
File /home/ubuntu/.pyenv/versions/venv/lib/python3.9/site-packages/rest_framework/locale/hy/LC_MESSAGES/django.mo first seen with mtime 1692347416.6478002
File /home/ubuntu/.pyenv/versions/venv/lib/python3.9/site-packages/rest_framework/locale/bg/LC_MESSAGES/django.mo first seen with mtime 1692347416.6397998
File /home/ubuntu/.pyenv/versions/venv/lib/python3.9/site-packages/rest_framework/locale/ne_NP/LC_MESSAGES/django.mo first seen with mtime 1692347416.6478002
File /home/ubuntu/.pyenv/versions/venv/lib/python3.9/site-packages/rest_framework/locale/el_GR/LC_MESSAGES/django.mo first seen with mtime 1692347416.6397998
File /home/ubuntu/.pyenv/versions/venv/lib/python3.9/site-packages/rest_framework/locale/pt_PT/LC_MESSAGES/django.mo first seen with mtime 1692347416.6518004
File /home/ubuntu/.pyenv/versions/venv/lib/python3.9/site-packages/rest_framework/locale/en/LC_MESSAGES/django.mo first seen with mtime 1692347416.6397998
File /home/ubuntu/.pyenv/versions/venv/lib/python3.9/site-packages/rest_framework/locale/tr/LC_MESSAGES/django.mo first seen with mtime 1692347416.6558006
File /home/ubuntu/.pyenv/versions/venv/lib/python3.9/site-packages/rest_framework/locale/be/LC_MESSAGES/django.mo first seen with mtime 1692347416.6358
File /home/ubuntu/.pyenv/versions/venv/lib/python3.9/site-packages/rest_framework/locale/ca/LC_MESSAGES/django.mo first seen with mtime 1692347416.6397998
File /home/ubuntu/.pyenv/versions/venv/lib/python3.9/site-packages/rest_framework/locale/fa/LC_MESSAGES/django.mo first seen with mtime 1692347416.6438
File /home/ubuntu/.pyenv/versions/venv/lib/python3.9/site-packages/rest_framework/locale/zh_CN/LC_MESSAGES/django.mo first seen with mtime 1692347416.6558006
File /home/ubuntu/.pyenv/versions/venv/lib/python3.9/site-packages/rest_framework/locale/ru/LC_MESSAGES/django.mo first seen with mtime 1692347416.6518004
File /home/ubuntu/.pyenv/versions/venv/lib/python3.9/site-packages/rest_framework/locale/nb/LC_MESSAGES/django.mo first seen with mtime 1692347416.6478002
File /home/ubuntu/.pyenv/versions/venv/lib/python3.9/site-packages/rest_framework/locale/es/LC_MESSAGES/django.mo first seen with mtime 1692347416.6438
File /home/ubuntu/.pyenv/versions/venv/lib/python3.9/site-packages/rest_framework/locale/zh_Hans/LC_MESSAGES/django.mo first seen with mtime 1692347416.6558006
File /home/ubuntu/.pyenv/versions/venv/lib/python3.9/site-packages/rest_framework/locale/nn/LC_MESSAGES/django.mo first seen with mtime 1692347416.6518004
File /home/ubuntu/.pyenv/versions/venv/lib/python3.9/site-packages/rest_framework/locale/he_IL/LC_MESSAGES/django.mo first seen with mtime 1692347416.6438
File /home/ubuntu/.pyenv/versions/venv/lib/python3.9/site-packages/rest_framework/locale/de/LC_MESSAGES/django.mo first seen with mtime 1692347416.6397998
File /home/ubuntu/.pyenv/versions/venv/lib/python3.9/site-packages/rest_framework/locale/ko_KR/LC_MESSAGES/django.mo first seen with mtime 1692347416.6478002
File /home/ubuntu/.pyenv/versions/venv/lib/python3.9/site-packages/rest_framework/locale/gl/LC_MESSAGES/django.mo first seen with mtime 1692347416.6438
File /home/ubuntu/.pyenv/versions/venv/lib/python3.9/site-packages/rest_framework/locale/ro/LC_MESSAGES/django.mo first seen with mtime 1692347416.6518004
File /home/ubuntu/.pyenv/versions/venv/lib/python3.9/site-packages/rest_framework/locale/vi/LC_MESSAGES/django.mo first seen with mtime 1692347416.6558006
File /home/ubuntu/.pyenv/versions/venv/lib/python3.9/site-packages/rest_framework/locale/az/LC_MESSAGES/django.mo first seen with mtime 1692347416.6358
File /home/ubuntu/.pyenv/versions/venv/lib/python3.9/site-packages/rest_framework/locale/mk/LC_MESSAGES/django.mo first seen with mtime 1692347416.6478002
File /home/ubuntu/.pyenv/versions/venv/lib/python3.9/site-packages/rest_framework/locale/nl/LC_MESSAGES/django.mo first seen with mtime 1692347416.6518004
File /home/ubuntu/.pyenv/versions/venv/lib/python3.9/site-packages/rest_framework/locale/fa_IR/LC_MESSAGES/django.mo first seen with mtime 1692347416.6438
File /home/ubuntu/.pyenv/versions/venv/lib/python3.9/site-packages/rest_framework/locale/id/LC_MESSAGES/django.mo first seen with mtime 1692347416.6478002
File /home/ubuntu/.pyenv/versions/venv/lib/python3.9/site-packages/rest_framework/locale/tr_TR/LC_MESSAGES/django.mo first seen with mtime 1692347416.6558006
File /home/ubuntu/.pyenv/versions/venv/lib/python3.9/site-packages/rest_framework/locale/gl_ES/LC_MESSAGES/django.mo first seen with mtime 1692347416.6438
File /home/ubuntu/.pyenv/versions/venv/lib/python3.9/site-packages/rest_framework/locale/uk/LC_MESSAGES/django.mo first seen with mtime 1692347416.6558006
File /home/ubuntu/.pyenv/versions/venv/lib/python3.9/site-packages/rest_framework/locale/zh_TW/LC_MESSAGES/django.mo first seen with mtime 1692347416.6558006
File /home/ubuntu/.pyenv/versions/venv/lib/python3.9/site-packages/rest_framework/locale/fr/LC_MESSAGES/django.mo first seen with mtime 1692347416.6438
File /home/ubuntu/.pyenv/versions/venv/lib/python3.9/site-packages/rest_framework/locale/cs/LC_MESSAGES/django.mo first seen with mtime 1692347416.6397998
File /home/ubuntu/.pyenv/versions/venv/lib/python3.9/site-packages/rest_framework/locale/ca_ES/LC_MESSAGES/django.mo first seen with mtime 1692347416.6397998
File /home/ubuntu/.pyenv/versions/venv/lib/python3.9/site-packages/rest_framework/locale/en_CA/LC_MESSAGES/django.mo first seen with mtime 1692347416.6397998
File /home/ubuntu/.pyenv/versions/venv/lib/python3.9/site-packages/rest_framework/locale/fi/LC_MESSAGES/django.mo first seen with mtime 1692347416.6438
File /home/ubuntu/.pyenv/versions/venv/lib/python3.9/site-packages/rest_framework/locale/ja/LC_MESSAGES/django.mo first seen with mtime 1692347416.6478002
File /home/ubuntu/.pyenv/versions/venv/lib/python3.9/site-packages/rest_framework/locale/zh_Hant/LC_MESSAGES/django.mo first seen with mtime 1692347416.6558006
File /home/ubuntu/.pyenv/versions/venv/lib/python3.9/site-packages/rest_framework/locale/it/LC_MESSAGES/django.mo first seen with mtime 1692347416.6478002
File /home/ubuntu/.pyenv/versions/venv/lib/python3.9/site-packages/rest_framework/locale/el/LC_MESSAGES/django.mo first seen with mtime 1692347416.6397998
File /home/ubuntu/.pyenv/versions/3.9.11/envs/venv/lib/python3.9/site-packages/django/contrib/auth/migrations/0012_alter_user_first_name_max_length.py first seen with mtime 1692347414.5837061
File /home/ubuntu/.pyenv/versions/3.9.11/envs/venv/lib/python3.9/site-packages/django/contrib/auth/migrations/0011_update_proxy_permissions.py first seen with mtime 1692347414.5837061
File /home/ubuntu/.pyenv/versions/3.9.11/envs/venv/lib/python3.9/site-packages/django/contrib/contenttypes/migrations/__init__.py first seen with mtime 1692347414.6397088
File /home/ubuntu/.pyenv/versions/3.9.11/envs/venv/lib/python3.9/site-packages/django/contrib/auth/migrations/0007_alter_validators_add_error_messages.py first seen with mtime 1692347414.5837061
File /home/ubuntu/.pyenv/versions/3.9.11/envs/venv/lib/python3.9/site-packages/django/contrib/auth/migrations/0005_alter_user_last_login_null.py first seen with mtime 1692347414.5837061
File /home/ubuntu/.pyenv/versions/3.9.11/envs/venv/lib/python3.9/site-packages/django/contrib/contenttypes/migrations/0001_initial.py first seen with mtime 1692347414.6397088
File /home/ubuntu/.pyenv/versions/3.9.11/envs/venv/lib/python3.9/site-packages/django/contrib/auth/migrations/0002_alter_permission_name_max_length.py first seen with mtime 1692347414.5837061
File /home/ubuntu/.pyenv/versions/3.9.11/envs/venv/lib/python3.9/site-packages/django/db/backends/mysql/compiler.py first seen with mtime 1692347415.1117303
File /home/ubuntu/.pyenv/versions/3.9.11/envs/venv/lib/python3.9/site-packages/django/contrib/sessions/migrations/__init__.py first seen with mtime 1692347415.0117257
File /home/ubuntu/.pyenv/versions/3.9.11/envs/venv/lib/python3.9/site-packages/django/middleware/clickjacking.py first seen with mtime 1692347415.171733
File /home/ubuntu/.pyenv/versions/3.9.11/envs/venv/lib/python3.9/site-packages/django/contrib/sessions/migrations/0001_initial.py first seen with mtime 1692347415.0117257
File /home/ubuntu/.pyenv/versions/3.9.11/envs/venv/lib/python3.9/site-packages/django/db/models/sql/compiler.py first seen with mtime 1692347415.1397314
File /home/ubuntu/cookie_project/cookie_project/cookie/migrations/__init__.py first seen with mtime 1692349947.7686656
File /home/ubuntu/cookie_project/cookie_project/cookie/migrations/0001_initial.py first seen with mtime 1692350997.3645785
File /home/ubuntu/.pyenv/versions/3.9.11/lib/python3.9/encodings/idna.py first seen with mtime 1692347324.2521374
File /home/ubuntu/.pyenv/versions/3.9.11/envs/venv/lib/python3.9/site-packages/django/contrib/auth/migrations/0010_alter_group_name_max_length.py first seen with mtime 1692347414.5837061
File /home/ubuntu/.pyenv/versions/3.9.11/envs/venv/lib/python3.9/site-packages/django/contrib/admin/migrations/0001_initial.py first seen with mtime 1692347414.3956976
File /home/ubuntu/.pyenv/versions/3.9.11/envs/venv/lib/python3.9/site-packages/django/contrib/auth/migrations/__init__.py first seen with mtime 1692347414.5837061
File /home/ubuntu/.pyenv/versions/3.9.11/envs/venv/lib/python3.9/site-packages/MySQLdb/cursors.py first seen with mtime 1692352380.0437472
File /home/ubuntu/.pyenv/versions/3.9.11/envs/venv/lib/python3.9/site-packages/django/contrib/contenttypes/migrations/0002_remove_content_type_name.py first seen with mtime 1692347414.6397088
File /home/ubuntu/.pyenv/versions/3.9.11/envs/venv/lib/python3.9/site-packages/django/contrib/auth/migrations/0004_alter_user_username_opts.py first seen with mtime 1692347414.5837061
File /home/ubuntu/.pyenv/versions/3.9.11/envs/venv/lib/python3.9/site-packages/django/contrib/auth/migrations/0001_initial.py first seen with mtime 1692347414.5837061
File /home/ubuntu/.pyenv/versions/3.9.11/envs/venv/lib/python3.9/site-packages/MySQLdb/connections.py first seen with mtime 1692352380.0437472
File /home/ubuntu/.pyenv/versions/3.9.11/envs/venv/lib/python3.9/site-packages/django/contrib/auth/migrations/0009_alter_user_last_name_max_length.py first seen with mtime 1692347414.5837061
File /home/ubuntu/.pyenv/versions/3.9.11/envs/venv/lib/python3.9/site-packages/django/contrib/auth/migrations/0008_alter_user_username_max_length.py first seen with mtime 1692347414.5837061
File /home/ubuntu/.pyenv/versions/3.9.11/envs/venv/lib/python3.9/site-packages/django/contrib/auth/migrations/0003_alter_user_email_max_length.py first seen with mtime 1692347414.5837061
File /home/ubuntu/.pyenv/versions/3.9.11/envs/venv/lib/python3.9/site-packages/django/contrib/admin/migrations/0002_logentry_remove_auto_add.py first seen with mtime 1692347414.3956976
File /home/ubuntu/.pyenv/versions/3.9.11/lib/python3.9/stringprep.py first seen with mtime 1692347322.4520843
File /home/ubuntu/.pyenv/versions/3.9.11/envs/venv/lib/python3.9/site-packages/django/contrib/admin/migrations/__init__.py first seen with mtime 1692347414.3956976
File /home/ubuntu/.pyenv/versions/3.9.11/envs/venv/lib/python3.9/site-packages/django/contrib/auth/migrations/0006_require_contenttypes_0002.py first seen with mtime 1692347414.5837061
File /home/ubuntu/cookie_project/cookie_project/cookie_project/wsgi.py first seen with mtime 1692349803.2442367
File /home/ubuntu/.pyenv/versions/3.9.11/envs/venv/lib/python3.9/site-packages/django/contrib/sessions/backends/db.py first seen with mtime 1692347414.9597232
File /home/ubuntu/.pyenv/versions/3.9.11/envs/venv/lib/python3.9/site-packages/django/contrib/admin/migrations/0003_logentry_add_action_flag_choices.py first seen with mtime 1692347414.3956976
Exception while resolving variable 'name' in template 'unknown'.
Traceback (most recent call last):
  File "/home/ubuntu/.pyenv/versions/venv/lib/python3.9/site-packages/django/core/handlers/exception.py", line 47, in inner
    response = get_response(request)
  File "/home/ubuntu/.pyenv/versions/venv/lib/python3.9/site-packages/django/core/handlers/base.py", line 167, in _get_response
    callback, callback_args, callback_kwargs = self.resolve_request(request)
  File "/home/ubuntu/.pyenv/versions/venv/lib/python3.9/site-packages/django/core/handlers/base.py", line 290, in resolve_request
    resolver_match = resolver.resolve(request.path_info)
  File "/home/ubuntu/.pyenv/versions/venv/lib/python3.9/site-packages/django/urls/resolvers.py", line 619, in resolve
    raise Resolver404({'tried': tried, 'path': new_path})
django.urls.exceptions.Resolver404: {'tried': [[<URLResolver <URLPattern list> (admin:admin) 'admin/'>], [<URLResolver <module 'cookie.urls' from '/home/ubuntu/cookie_project/cookie_project/cookie/urls.py'> (cookie:cookie) 'cookie/'>], [<URLResolver <URLPattern list> (None:None) ''>, <URLPattern '^cookie/$' [name='accounts-list']>], [<URLResolver <URLPattern list> (None:None) ''>, <URLPattern '^cookie\.(?P<format>[a-z0-9]+)/?$' [name='accounts-list']>], [<URLResolver <URLPattern list> (None:None) ''>, <URLPattern '^cookie/(?P<pk>[^/.]+)/$' [name='accounts-detail']>], [<URLResolver <URLPattern list> (None:None) ''>, <URLPattern '^cookie/(?P<pk>[^/.]+)\.(?P<format>[a-z0-9]+)/?$' [name='accounts-detail']>], [<URLResolver <URLPattern list> (None:None) ''>, <URLPattern '^$' [name='api-root']>], [<URLResolver <URLPattern list> (None:None) ''>, <URLPattern '^\.(?P<format>[a-z0-9]+)/?$' [name='api-root']>]], 'path': 'signup'}

During handling of the above exception, another exception occurred:

Traceback (most recent call last):
  File "/home/ubuntu/.pyenv/versions/venv/lib/python3.9/site-packages/django/template/base.py", line 862, in _resolve_lookup
    current = current[bit]
TypeError: 'URLResolver' object is not subscriptable

During handling of the above exception, another exception occurred:

Traceback (most recent call last):
  File "/home/ubuntu/.pyenv/versions/venv/lib/python3.9/site-packages/django/template/base.py", line 870, in _resolve_lookup
    current = getattr(current, bit)
AttributeError: 'URLResolver' object has no attribute 'name'

During handling of the above exception, another exception occurred:

Traceback (most recent call last):
  File "/home/ubuntu/.pyenv/versions/venv/lib/python3.9/site-packages/django/template/base.py", line 876, in _resolve_lookup
    current = current[int(bit)]
ValueError: invalid literal for int() with base 10: 'name'

During handling of the above exception, another exception occurred:

Traceback (most recent call last):
  File "/home/ubuntu/.pyenv/versions/venv/lib/python3.9/site-packages/django/template/base.py", line 881, in _resolve_lookup
    raise VariableDoesNotExist("Failed lookup for key "
django.template.base.VariableDoesNotExist: Failed lookup for key [name] in <URLResolver <URLPattern list> (admin:admin) 'admin/'>
Exception while resolving variable 'name' in template 'unknown'.
Traceback (most recent call last):
  File "/home/ubuntu/.pyenv/versions/venv/lib/python3.9/site-packages/django/core/handlers/exception.py", line 47, in inner
    response = get_response(request)
  File "/home/ubuntu/.pyenv/versions/venv/lib/python3.9/site-packages/django/core/handlers/base.py", line 167, in _get_response
    callback, callback_args, callback_kwargs = self.resolve_request(request)
  File "/home/ubuntu/.pyenv/versions/venv/lib/python3.9/site-packages/django/core/handlers/base.py", line 290, in resolve_request
    resolver_match = resolver.resolve(request.path_info)
  File "/home/ubuntu/.pyenv/versions/venv/lib/python3.9/site-packages/django/urls/resolvers.py", line 619, in resolve
    raise Resolver404({'tried': tried, 'path': new_path})
django.urls.exceptions.Resolver404: {'tried': [[<URLResolver <URLPattern list> (admin:admin) 'admin/'>], [<URLResolver <module 'cookie.urls' from '/home/ubuntu/cookie_project/cookie_project/cookie/urls.py'> (cookie:cookie) 'cookie/'>], [<URLResolver <URLPattern list> (None:None) ''>, <URLPattern '^cookie/$' [name='accounts-list']>], [<URLResolver <URLPattern list> (None:None) ''>, <URLPattern '^cookie\.(?P<format>[a-z0-9]+)/?$' [name='accounts-list']>], [<URLResolver <URLPattern list> (None:None) ''>, <URLPattern '^cookie/(?P<pk>[^/.]+)/$' [name='accounts-detail']>], [<URLResolver <URLPattern list> (None:None) ''>, <URLPattern '^cookie/(?P<pk>[^/.]+)\.(?P<format>[a-z0-9]+)/?$' [name='accounts-detail']>], [<URLResolver <URLPattern list> (None:None) ''>, <URLPattern '^$' [name='api-root']>], [<URLResolver <URLPattern list> (None:None) ''>, <URLPattern '^\.(?P<format>[a-z0-9]+)/?$' [name='api-root']>]], 'path': 'signup'}

During handling of the above exception, another exception occurred:

Traceback (most recent call last):
  File "/home/ubuntu/.pyenv/versions/venv/lib/python3.9/site-packages/django/template/base.py", line 862, in _resolve_lookup
    current = current[bit]
TypeError: 'URLResolver' object is not subscriptable

During handling of the above exception, another exception occurred:

Traceback (most recent call last):
  File "/home/ubuntu/.pyenv/versions/venv/lib/python3.9/site-packages/django/template/base.py", line 870, in _resolve_lookup
    current = getattr(current, bit)
AttributeError: 'URLResolver' object has no attribute 'name'

During handling of the above exception, another exception occurred:

Traceback (most recent call last):
  File "/home/ubuntu/.pyenv/versions/venv/lib/python3.9/site-packages/django/template/base.py", line 876, in _resolve_lookup
    current = current[int(bit)]
ValueError: invalid literal for int() with base 10: 'name'

During handling of the above exception, another exception occurred:

Traceback (most recent call last):
  File "/home/ubuntu/.pyenv/versions/venv/lib/python3.9/site-packages/django/template/base.py", line 881, in _resolve_lookup
    raise VariableDoesNotExist("Failed lookup for key "
django.template.base.VariableDoesNotExist: Failed lookup for key [name] in <URLResolver <module 'cookie.urls' from '/home/ubuntu/cookie_project/cookie_project/cookie/urls.py'> (cookie:cookie) 'cookie/'>
Not Found: /signup
"POST /signup HTTP/1.1" 404 3393
File /home/ubuntu/.pyenv/versions/3.9.11/envs/venv/lib/python3.9/site-packages/django/contrib/messages/storage/cookie.py first seen with mtime 1692347414.8517184
File /home/ubuntu/.pyenv/versions/3.9.11/envs/venv/lib/python3.9/site-packages/django/contrib/messages/storage/base.py first seen with mtime 1692347414.8517184
File /home/ubuntu/.pyenv/versions/3.9.11/envs/venv/lib/python3.9/site-packages/django/contrib/messages/utils.py first seen with mtime 1692347414.8517184
File /home/ubuntu/.pyenv/versions/3.9.11/envs/venv/lib/python3.9/site-packages/django/contrib/messages/storage/fallback.py first seen with mtime 1692347414.8517184
File /home/ubuntu/.pyenv/versions/3.9.11/envs/venv/lib/python3.9/site-packages/django/contrib/messages/storage/session.py first seen with mtime 1692347414.8517184
File /home/ubuntu/.pyenv/versions/3.9.11/envs/venv/lib/python3.9/site-packages/django/contrib/sessions/serializers.py first seen with mtime 1692347414.955723
File /home/ubuntu/cookie_project/cookie_project/cookie_project/settings.py previous mtime: 1692375829.3979013, current mtime: 1692375947.342522
/home/ubuntu/cookie_project/cookie_project/cookie_project/settings.py notified as changed. Signal results: [(<function template_changed at 0x7fc8c9d60820>, None), (<function translation_file_changed at 0x7fc8c8c8db80>, None)].
/home/ubuntu/cookie_project/cookie_project/cookie_project/settings.py changed, reloading.
